<?xml version="1.0" encoding="UTF-8" standalone="yes"?><!DOCTYPE report PUBLIC "-//JACOCO//DTD Report 1.1//EN" "report.dtd"><report name="pu0040"><sessioninfo id="L1-SDC11-TUANVD-fdc527bf" start="1788077470707" dump="1788077479524"/><sessioninfo id="L1-SDC11-TUANVD-554af3ba" start="1788077518364" dump="1788077525710"/><sessioninfo id="L1-SDC11-TUANVD-c930785b" start="1788077593446" dump="1788077601371"/><sessioninfo id="L1-SDC11-TUANVD-dbe8ba80" start="1788079102195" dump="1788079110977"/><sessioninfo id="L1-SDC11-TUANVD-5e7dc586" start="1789784333596" dump="1789784369359"/><sessioninfo id="L1-SDC11-TUANVD-3b1c815f" start="1789784835297" dump="1789784881164"/><package name="com/sakura/pu0040/screen"><class name="com/sakura/pu0040/screen/ScreenDefs" sourcefilename="ScreenDefs.java"><method name="getScreen" desc="(Ljava/lang/String;)Lcom/sakura/runtime/ScreenModels$ScreenDef;" line="28"><counter type="INSTRUCTION" missed="0" covered="7"/><counter type="LINE" missed="0" covered="1"/><counter type="COMPLEXITY" missed="0" covered="1"/><counter type="METHOD" missed="0" covered="1"/></method><method name="getInput" desc="(Ljava/lang/String;)Lcom/sakura/runtime/ScreenModels$InputFieldDef;" line="32"><counter type="INSTRUCTION" missed="0" covered="7"/><counter type="LINE" missed="0" covered="1"/><counter type="COMPLEXITY" missed="0" covered="1"/><counter type="METHOD" missed="0" covered="1"/></method><method name="isScreenName" desc="(Ljava/lang/String;)Z" line="36"><counter type="INSTRUCTION" missed="0" covered="6"/><counter type="LINE" missed="0" covered="1"/><counter type="COMPLEXITY" missed="0" covered="1"/><counter type="METHOD" missed="0" covered="1"/></method><method name="getWindow" desc="(Ljava/lang/String;)Lcom/sakura/runtime/ScreenModels$WindowDef;" line="40"><counter type="INSTRUCTION" missed="0" covered="7"/><counter type="LINE" missed="0" covered="1"/><counter type="COMPLEXITY" missed="0" covered="1"/><counter type="METHOD" missed="0" covered="1"/></method><method name="isInputField" desc="(Ljava/lang/String;)Z" line="44"><counter type="INSTRUCTION" missed="0" covered="6"/><counter type="LINE" missed="0" covered="1"/><counter type="COMPLEXITY" missed="0" covered="1"/><counter type="METHOD" missed="0" covered="1"/></method><method name="&lt;clinit&gt;" desc="()V" line="22"><counter type="INSTRUCTION" missed="0" covered="4"/><counter type="LINE" missed="0" covered="2"/><counter type="COMPLEXITY" missed="0" covered="1"/><counter type="METHOD" missed="0" covered="1"/></method><counter type="INSTRUCTION" missed="0" covered="37"/><counter type="LINE" missed="0" covered="7"/><counter type="COMPLEXITY" missed="0" covered="6"/><counter type="METHOD" missed="0" covered="6"/><counter type="CLASS" missed="0" covered="1"/></class><sourcefile name="ScreenDefs.java"><line nr="22" mi="0" ci="2" mb="0" cb="0"/><line nr="23" mi="0" ci="2" mb="0" cb="0"/><line nr="28" mi="0" ci="7" mb="0" cb="0"/><line nr="32" mi="0" ci="7" mb="0" cb="0"/><line nr="36" mi="0" ci="6" mb="0" cb="0"/><line nr="40" mi="0" ci="7" mb="0" cb="0"/><line nr="44" mi="0" ci="6" mb="0" cb="0"/><counter type="INSTRUCTION" missed="0" covered="37"/><counter type="LINE" missed="0" covered="7"/><counter type="COMPLEXITY" missed="0" covered="6"/><counter type="METHOD" missed="0" covered="6"/><counter type="CLASS" missed="0" covered="1"/></sourcefile><counter type="INSTRUCTION" missed="0" covered="37"/><counter type="LINE" missed="0" covered="7"/><counter type="COMPLEXITY" missed="0" covered="6"/><counter type="METHOD" missed="0" covered="6"/><counter type="CLASS" missed="0" covered="1"/></package><package name="com/sakura/pu0040/service"><class name="com/sakura/pu0040/service/Pu0040Service" sourcefilename="Pu0040Service.java"><method name="&lt;init&gt;" desc="(Lcom/sakura/pu0040/runtime/Pu0040Datasets;Lcom/sakura/dateut/service/DateutService;Lcom/sakura/taxcal/service/TaxcalService;Lcom/sakura/numgen/service/NumgenService;Lcom/sakura/abortx/service/AbortxService;Lcom/sakura/runtime/ScreenRendererInstance;)V" line="69"><counter type="INSTRUCTION" missed="0" covered="30"/><counter type="LINE" missed="0" covered="9"/><counter type="COMPLEXITY" missed="0" covered="1"/><counter type="METHOD" missed="0" covered="1"/></method><method name="setRenderer" desc="(Lcom/sakura/runtime/ScreenRendererInstance;)V" line="81"><counter type="INSTRUCTION" missed="48" covered="0"/><counter type="BRANCH" missed="8" covered="0"/><counter type="LINE" missed="10" covered="0"/><counter type="COMPLEXITY" missed="5" covered="0"/><counter type="METHOD" missed="1" covered="0"/></method><method name="mainProcess" desc="()V" line="104"><counter type="INSTRUCTION" missed="5" covered="0"/><counter type="LINE" missed="2" covered="0"/><counter type="COMPLEXITY" missed="1" covered="0"/><counter type="METHOD" missed="1" covered="0"/></method><method name="getCompletionCode" desc="()I" line="113"><counter type="INSTRUCTION" missed="0" covered="4"/><counter type="LINE" missed="0" covered="1"/><counter type="COMPLEXITY" missed="0" covered="1"/><counter type="METHOD" missed="0" covered="1"/></method><method name="setCompletionCode" desc="(I)V" line="121"><counter type="INSTRUCTION" missed="5" covered="0"/><counter type="LINE" missed="2" covered="0"/><counter type="COMPLEXITY" missed="1" covered="0"/><counter type="METHOD" missed="1" covered="0"/></method><method name="getFileSet" desc="()Lcom/sakura/runtime/io/AbstractDatasets;" line="130"><counter type="INSTRUCTION" missed="0" covered="3"/><counter type="LINE" missed="0" covered="1"/><counter type="COMPLEXITY" missed="0" covered="1"/><counter type="METHOD" missed="0" covered="1"/></method><method name="runMainProgram" desc="()V" line="137"><counter type="INSTRUCTION" missed="0" covered="22"/><counter type="BRANCH" missed="0" covered="2"/><counter type="LINE" missed="0" covered="5"/><counter type="COMPLEXITY" missed="0" covered="2"/><counter type="METHOD" missed="0" covered="1"/></method><method name="initializeProgram" desc="()V" line="149"><counter type="INSTRUCTION" missed="0" covered="51"/><counter type="LINE" missed="0" covered="10"/><counter type="COMPLEXITY" missed="0" covered="1"/><counter type="METHOD" missed="0" covered="1"/></method><method name="openAllFiles" desc="()V" line="164"><counter type="INSTRUCTION" missed="0" covered="40"/><counter type="LINE" missed="0" covered="9"/><counter type="COMPLEXITY" missed="0" covered="1"/><counter type="METHOD" missed="0" covered="1"/></method><method name="openPurhfWithRetry" desc="()V" line="178"><counter type="INSTRUCTION" missed="0" covered="7"/><counter type="LINE" missed="0" covered="2"/><counter type="COMPLEXITY" missed="0" covered="1"/><counter type="METHOD" missed="0" covered="1"/></method><method name="openPurdfWithRetry" desc="()V" line="185"><counter type="INSTRUCTION" missed="0" covered="7"/><counter type="LINE" missed="0" covered="2"/><counter type="COMPLEXITY" missed="0" covered="1"/><counter type="METHOD" missed="0" covered="1"/></method><method name="openAplfWithRetry" desc="()V" line="192"><counter type="INSTRUCTION" missed="0" covered="7"/><counter type="LINE" missed="0" covered="2"/><counter type="COMPLEXITY" missed="0" covered="1"/><counter type="METHOD" missed="0" covered="1"/></method><method name="openStokfWithRetry" desc="()V" line="199"><counter type="INSTRUCTION" missed="0" covered="7"/><counter type="LINE" missed="0" covered="2"/><counter type="COMPLEXITY" missed="0" covered="1"/><counter type="METHOD" missed="0" covered="1"/></method><method name="openSmovfWithRetry" desc="()V" line="206"><counter type="INSTRUCTION" missed="0" covered="7"/><counter type="LINE" missed="0" covered="2"/><counter type="COMPLEXITY" missed="0" covered="1"/><counter type="METHOD" missed="0" covered="1"/></method><method name="openSuppfWithRetry" desc="()V" line="213"><counter type="INSTRUCTION" missed="0" covered="7"/><counter type="LINE" missed="0" covered="2"/><counter type="COMPLEXITY" missed="0" covered="1"/><counter type="METHOD" missed="0" covered="1"/></method><method name="processReturnEntry" desc="()V" line="220"><counter type="INSTRUCTION" missed="0" covered="51"/><counter type="BRANCH" missed="0" covered="8"/><counter type="LINE" missed="0" covered="13"/><counter type="COMPLEXITY" missed="0" covered="5"/><counter type="METHOD" missed="0" covered="1"/></method><method name="clearReturnHeaderFields" desc="()V" line="243"><counter type="INSTRUCTION" missed="0" covered="59"/><counter type="LINE" missed="0" covered="15"/><counter type="COMPLEXITY" missed="0" covered="1"/><counter type="METHOD" missed="0" covered="1"/></method><method name="acceptReturnHeader" desc="()V" line="263"><counter type="INSTRUCTION" missed="0" covered="106"/><counter type="BRANCH" missed="1" covered="3"/><counter type="LINE" missed="0" covered="21"/><counter type="COMPLEXITY" missed="1" covered="2"/><counter type="METHOD" missed="0" covered="1"/></method><method name="validateSupplierHeader" desc="()V" line="291"><counter type="INSTRUCTION" missed="0" covered="105"/><counter type="BRANCH" missed="0" covered="10"/><counter type="LINE" missed="0" covered="24"/><counter type="COMPLEXITY" missed="0" covered="6"/><counter type="METHOD" missed="0" covered="1"/></method><method name="acceptDetailLine" desc="()V" line="325"><counter type="INSTRUCTION" missed="5" covered="118"/><counter type="BRANCH" missed="0" covered="4"/><counter type="LINE" missed="0" covered="24"/><counter type="COMPLEXITY" missed="0" covered="4"/><counter type="METHOD" missed="0" covered="1"/></method><method name="clearDetailLineFields" desc="()V" line="360"><counter type="INSTRUCTION" missed="0" covered="37"/><counter type="LINE" missed="0" covered="10"/><counter type="COMPLEXITY" missed="0" covered="1"/><counter type="METHOD" missed="0" covered="1"/></method><method name="processDetailLine" desc="()V" line="375"><counter type="INSTRUCTION" missed="9" covered="209"/><counter type="BRANCH" missed="5" covered="21"/><counter type="LINE" missed="1" covered="42"/><counter type="COMPLEXITY" missed="5" covered="9"/><counter type="METHOD" missed="0" covered="1"/></method><method name="resolveDefaultUnitCost" desc="()V" line="433"><counter type="INSTRUCTION" missed="0" covered="63"/><counter type="BRANCH" missed="1" covered="9"/><counter type="LINE" missed="0" covered="13"/><counter type="COMPLEXITY" missed="1" covered="5"/><counter type="METHOD" missed="0" covered="1"/></method><method name="checkStockAvailability" desc="()V" line="457"><counter type="INSTRUCTION" missed="0" covered="59"/><counter type="BRANCH" missed="0" covered="8"/><counter type="LINE" missed="0" covered="13"/><counter type="COMPLEXITY" missed="0" covered="5"/><counter type="METHOD" missed="0" covered="1"/></method><method name="addLineToReturn" desc="()V" line="479"><counter type="INSTRUCTION" missed="12" covered="111"/><counter type="BRANCH" missed="1" covered="1"/><counter type="LINE" missed="3" covered="15"/><counter type="COMPLEXITY" missed="1" covered="1"/><counter type="METHOD" missed="0" covered="1"/></method><method name="confirmAndSaveReturn" desc="()V" line="503"><counter type="INSTRUCTION" missed="0" covered="73"/><counter type="BRANCH" missed="1" covered="3"/><counter type="LINE" missed="0" covered="14"/><counter type="COMPLEXITY" missed="1" covered="2"/><counter type="METHOD" missed="0" covered="1"/></method><method name="computeReturnTax" desc="()V" line="524"><counter type="INSTRUCTION" missed="0" covered="76"/><counter type="BRANCH" missed="0" covered="2"/><counter type="LINE" missed="0" covered="13"/><counter type="COMPLEXITY" missed="0" covered="2"/><counter type="METHOD" missed="0" covered="1"/></method><method name="postPurchaseReturn" desc="()V" line="544"><counter type="INSTRUCTION" missed="0" covered="186"/><counter type="BRANCH" missed="0" covered="4"/><counter type="LINE" missed="0" covered="32"/><counter type="COMPLEXITY" missed="0" covered="3"/><counter type="METHOD" missed="0" covered="1"/></method><method name="writeReturnDetailLines" desc="()V" line="583"><counter type="INSTRUCTION" missed="0" covered="145"/><counter type="BRANCH" missed="1" covered="5"/><counter type="LINE" missed="0" covered="18"/><counter type="COMPLEXITY" missed="1" covered="3"/><counter type="METHOD" missed="0" covered="1"/></method><method name="updateStockOnHand" desc="()V" line="610"><counter type="INSTRUCTION" missed="0" covered="169"/><counter type="BRANCH" missed="2" covered="6"/><counter type="LINE" missed="0" covered="22"/><counter type="COMPLEXITY" missed="2" covered="3"/><counter type="METHOD" missed="0" covered="1"/></method><method name="writeStockMovement" desc="()V" line="643"><counter type="INSTRUCTION" missed="0" covered="126"/><counter type="BRANCH" missed="1" covered="3"/><counter type="LINE" missed="0" covered="20"/><counter type="COMPLEXITY" missed="1" covered="2"/><counter type="METHOD" missed="0" covered="1"/></method><method name="postApLedgerEntry" desc="()V" line="671"><counter type="INSTRUCTION" missed="12" covered="154"/><counter type="BRANCH" missed="1" covered="5"/><counter type="LINE" missed="3" covered="28"/><counter type="COMPLEXITY" missed="1" covered="3"/><counter type="METHOD" missed="0" covered="1"/></method><method name="updateSupplierBalance" desc="()V" line="710"><counter type="INSTRUCTION" missed="0" covered="53"/><counter type="BRANCH" missed="1" covered="3"/><counter type="LINE" missed="0" covered="11"/><counter type="COMPLEXITY" missed="1" covered="2"/><counter type="METHOD" missed="0" covered="1"/></method><method name="closeAllFiles" desc="()V" line="729"><counter type="INSTRUCTION" missed="0" covered="99"/><counter type="LINE" missed="0" covered="15"/><counter type="COMPLEXITY" missed="0" covered="1"/><counter type="METHOD" missed="0" covered="1"/></method><method name="abendFileOpenError" desc="()V" line="749"><counter type="INSTRUCTION" missed="0" covered="36"/><counter type="LINE" missed="0" covered="7"/><counter type="COMPLEXITY" missed="0" covered="1"/><counter type="METHOD" missed="0" covered="1"/></method><method name="dateut" desc="([Ljava/lang/Object;)V" line="762"><counter type="INSTRUCTION" missed="0" covered="81"/><counter type="LINE" missed="0" covered="15"/><counter type="COMPLEXITY" missed="0" covered="1"/><counter type="METHOD" missed="0" covered="1"/></method><method name="taxcal" desc="([Ljava/lang/Object;)V" line="782"><counter type="INSTRUCTION" missed="0" covered="129"/><counter type="LINE" missed="0" covered="23"/><counter type="COMPLEXITY" missed="0" covered="1"/><counter type="METHOD" missed="0" covered="1"/></method><method name="numgen" desc="([Ljava/lang/Object;)V" line="810"><counter type="INSTRUCTION" missed="0" covered="45"/><counter type="LINE" missed="0" covered="9"/><counter type="COMPLEXITY" missed="0" covered="1"/><counter type="METHOD" missed="0" covered="1"/></method><method name="abortx" desc="([Ljava/lang/Object;)V" line="824"><counter type="INSTRUCTION" missed="0" covered="69"/><counter type="LINE" missed="0" covered="13"/><counter type="COMPLEXITY" missed="0" covered="1"/><counter type="METHOD" missed="0" covered="1"/></method><method name="broadcastEstsStatus" desc="()V" line="839"><counter type="INSTRUCTION" missed="0" covered="13"/><counter type="LINE" missed="0" covered="2"/><counter type="COMPLEXITY" missed="0" covered="1"/><counter type="METHOD" missed="0" covered="1"/></method><method name="openFileWithRetry" desc="(Lcom/sakura/runtime/record/RawDatasetBase;Ljava/lang/String;)V" line="844"><counter type="INSTRUCTION" missed="4" covered="66"/><counter type="BRANCH" missed="1" covered="5"/><counter type="LINE" missed="1" covered="12"/><counter type="COMPLEXITY" missed="1" covered="3"/><counter type="METHOD" missed="0" covered="1"/></method><method name="readStokfByProdWhse" desc="()V" line="862"><counter type="INSTRUCTION" missed="4" covered="62"/><counter type="BRANCH" missed="2" covered="2"/><counter type="LINE" missed="0" covered="11"/><counter type="COMPLEXITY" missed="2" covered="1"/><counter type="METHOD" missed="0" covered="1"/></method><method name="readSuppfBySpCode" desc="()V" line="876"><counter type="INSTRUCTION" missed="9" covered="43"/><counter type="BRANCH" missed="5" covered="5"/><counter type="LINE" missed="1" covered="7"/><counter type="COMPLEXITY" missed="5" covered="1"/><counter type="METHOD" missed="0" covered="1"/></method><method name="lambda$confirmAndSaveReturn$8" desc="()Ljava/lang/String;" line="509"><counter type="INSTRUCTION" missed="0" covered="6"/><counter type="LINE" missed="0" covered="1"/><counter type="COMPLEXITY" missed="0" covered="1"/><counter type="METHOD" missed="0" covered="1"/></method><method name="lambda$acceptDetailLine$7" desc="()Ljava/lang/String;" line="334"><counter type="INSTRUCTION" missed="0" covered="6"/><counter type="LINE" missed="0" covered="1"/><counter type="COMPLEXITY" missed="0" covered="1"/><counter type="METHOD" missed="0" covered="1"/></method><method name="lambda$acceptDetailLine$6" desc="()Ljava/lang/String;" line="332"><counter type="INSTRUCTION" missed="0" covered="6"/><counter type="LINE" missed="0" covered="1"/><counter type="COMPLEXITY" missed="0" covered="1"/><counter type="METHOD" missed="0" covered="1"/></method><method name="lambda$acceptDetailLine$5" desc="()Ljava/lang/String;" line="330"><counter type="INSTRUCTION" missed="0" covered="6"/><counter type="LINE" missed="0" covered="1"/><counter type="COMPLEXITY" missed="0" covered="1"/><counter type="METHOD" missed="0" covered="1"/></method><method name="lambda$acceptDetailLine$4" desc="()Ljava/lang/String;" line="328"><counter type="INSTRUCTION" missed="0" covered="6"/><counter type="LINE" missed="0" covered="1"/><counter type="COMPLEXITY" missed="0" covered="1"/><counter type="METHOD" missed="0" covered="1"/></method><method name="lambda$acceptReturnHeader$3" desc="()Ljava/lang/String;" line="275"><counter type="INSTRUCTION" missed="0" covered="6"/><counter type="LINE" missed="0" covered="1"/><counter type="COMPLEXITY" missed="0" covered="1"/><counter type="METHOD" missed="0" covered="1"/></method><method name="lambda$acceptReturnHeader$2" desc="()Ljava/lang/String;" line="273"><counter type="INSTRUCTION" missed="0" covered="6"/><counter type="LINE" missed="0" covered="1"/><counter type="COMPLEXITY" missed="0" covered="1"/><counter type="METHOD" missed="0" covered="1"/></method><method name="lambda$acceptReturnHeader$1" desc="()Ljava/lang/String;" line="271"><counter type="INSTRUCTION" missed="0" covered="6"/><counter type="LINE" missed="0" covered="1"/><counter type="COMPLEXITY" missed="0" covered="1"/><counter type="METHOD" missed="0" covered="1"/></method><method name="lambda$acceptReturnHeader$0" desc="()Ljava/lang/String;" line="269"><counter type="INSTRUCTION" missed="0" covered="6"/><counter type="LINE" missed="0" covered="1"/><counter type="COMPLEXITY" missed="0" covered="1"/><counter type="METHOD" missed="0" covered="1"/></method><counter type="INSTRUCTION" missed="113" covered="2789"/><counter type="BRANCH" missed="31" covered="109"/><counter type="LINE" missed="23" covered="509"/><counter type="COMPLEXITY" missed="30" covered="93"/><counter type="METHOD" missed="3" covered="49"/><counter type="CLASS" missed="0" covered="1"/></class><sourcefile name="Pu0040Service.java"><line nr="69" mi="0" ci="2" mb="0" cb="0"/><line nr="70" mi="0" ci="3" mb="0" cb="0"/><line nr="71" mi="0" ci="9" mb="0" cb="0"/><line nr="72" mi="0" ci="3" mb="0" cb="0"/><line nr="73" mi="0" ci="3" mb="0" cb="0"/><line nr="74" mi="0" ci="3" mb="0" cb="0"/><line nr="75" mi="0" ci="3" mb="0" cb="0"/><line nr="76" mi="0" ci="3" mb="0" cb="0"/><line nr="77" mi="0" ci="1" mb="0" cb="0"/><line nr="81" mi="3" ci="0" mb="0" cb="0"/><line nr="82" mi="8" ci="0" mb="2" cb="0"/><line nr="83" mi="3" ci="0" mb="0" cb="0"/><line nr="85" mi="8" ci="0" mb="2" cb="0"/><line nr="86" mi="3" ci="0" mb="0" cb="0"/><line nr="88" mi="8" ci="0" mb="2" cb="0"/><line nr="89" mi="3" ci="0" mb="0" cb="0"/><line nr="91" mi="8" ci="0" mb="2" cb="0"/><line nr="92" mi="3" ci="0" mb="0" cb="0"/><line nr="94" mi="1" ci="0" mb="0" cb="0"/><line nr="104" mi="4" ci="0" mb="0" cb="0"/><line nr="105" mi="1" ci="0" mb="0" cb="0"/><line nr="113" mi="0" ci="4" mb="0" cb="0"/><line nr="121" mi="4" ci="0" mb="0" cb="0"/><line nr="122" mi="1" ci="0" mb="0" cb="0"/><line nr="130" mi="0" ci="3" mb="0" cb="0"/><line nr="137" mi="0" ci="4" mb="0" cb="0"/><line nr="138" mi="0" ci="5" mb="0" cb="2"/><line nr="139" mi="0" ci="5" mb="0" cb="0"/><line nr="141" mi="0" ci="4" mb="0" cb="0"/><line nr="142" mi="0" ci="4" mb="0" cb="0"/><line nr="149" mi="0" ci="4" mb="0" cb="0"/><line nr="150" mi="0" ci="4" mb="0" cb="0"/><line nr="151" mi="0" ci="4" mb="0" cb="0"/><line nr="152" mi="0" ci="4" mb="0" cb="0"/><line nr="153" mi="0" ci="10" mb="0" cb="0"/><line nr="154" mi="0" ci="6" mb="0" cb="0"/><line nr="155" mi="0" ci="6" mb="0" cb="0"/><line nr="156" mi="0" ci="8" mb="0" cb="0"/><line nr="157" mi="0" ci="4" mb="0" cb="0"/><line nr="158" mi="0" ci="1" mb="0" cb="0"/><line nr="164" mi="0" ci="4" mb="0" cb="0"/><line nr="165" mi="0" ci="4" mb="0" cb="0"/><line nr="166" mi="0" ci="4" mb="0" cb="0"/><line nr="167" mi="0" ci="4" mb="0" cb="0"/><line nr="168" mi="0" ci="4" mb="0" cb="0"/><line nr="169" mi="0" ci="4" mb="0" cb="0"/><line nr="170" mi="0" ci="5" mb="0" cb="0"/><line nr="171" mi="0" ci="10" mb="0" cb="0"/><line nr="172" mi="0" ci="1" mb="0" cb="0"/><line nr="178" mi="0" ci="6" mb="0" cb="0"/><line nr="179" mi="0" ci="1" mb="0" cb="0"/><line nr="185" mi="0" ci="6" mb="0" cb="0"/><line nr="186" mi="0" ci="1" mb="0" cb="0"/><line nr="192" mi="0" ci="6" mb="0" cb="0"/><line nr="193" mi="0" ci="1" mb="0" cb="0"/><line nr="199" mi="0" ci="6" mb="0" cb="0"/><line nr="200" mi="0" ci="1" mb="0" cb="0"/><line nr="206" mi="0" ci="6" mb="0" cb="0"/><line nr="207" mi="0" ci="1" mb="0" cb="0"/><line nr="213" mi="0" ci="6" mb="0" cb="0"/><line nr="214" mi="0" ci="1" mb="0" cb="0"/><line nr="220" mi="0" ci="4" mb="0" cb="0"/><line nr="221" mi="0" ci="4" mb="0" cb="0"/><line nr="222" mi="0" ci="5" mb="0" cb="2"/><line nr="223" mi="0" ci="1" mb="0" cb="0"/><line nr="225" mi="0" ci="5" mb="0" cb="2"/><line nr="226" mi="0" ci="1" mb="0" cb="0"/><line nr="228" mi="0" ci="5" mb="0" cb="2"/><line nr="229" mi="0" ci="5" mb="0" cb="0"/><line nr="231" mi="0" ci="4" mb="0" cb="2"/><line nr="232" mi="0" ci="5" mb="0" cb="0"/><line nr="234" mi="0" ci="4" mb="0" cb="0"/><line nr="235" mi="0" ci="7" mb="0" cb="0"/><line nr="237" mi="0" ci="1" mb="0" cb="0"/><line nr="243" mi="0" ci="4" mb="0" cb="0"/><line nr="244" mi="0" ci="4" mb="0" cb="0"/><line nr="245" mi="0" ci="4" mb="0" cb="0"/><line nr="246" mi="0" ci="4" mb="0" cb="0"/><line nr="247" mi="0" ci="4" mb="0" cb="0"/><line nr="248" mi="0" ci="4" mb="0" cb="0"/><line nr="249" mi="0" ci="4" mb="0" cb="0"/><line nr="250" mi="0" ci="4" mb="0" cb="0"/><line nr="251" mi="0" ci="4" mb="0" cb="0"/><line nr="252" mi="0" ci="4" mb="0" cb="0"/><line nr="253" mi="0" ci="4" mb="0" cb="0"/><line nr="254" mi="0" ci="4" mb="0" cb="0"/><line nr="255" mi="0" ci="6" mb="0" cb="0"/><line nr="256" mi="0" ci="4" mb="0" cb="0"/><line nr="257" mi="0" ci="1" mb="0" cb="0"/><line nr="263" mi="0" ci="4" mb="0" cb="0"/><line nr="264" mi="0" ci="7" mb="0" cb="0"/><line nr="265" mi="0" ci="7" mb="0" cb="0"/><line nr="266" mi="0" ci="4" mb="0" cb="0"/><line nr="267" mi="0" ci="7" mb="0" cb="0"/><line nr="268" mi="0" ci="7" mb="0" cb="0"/><line nr="269" mi="0" ci="11" mb="0" cb="0"/><line nr="270" mi="0" ci="7" mb="0" cb="0"/><line nr="271" mi="0" ci="11" mb="0" cb="0"/><line nr="272" mi="0" ci="7" mb="0" cb="0"/><line nr="273" mi="0" ci="11" mb="0" cb="0"/><line nr="274" mi="0" ci="7" mb="0" cb="0"/><line nr="275" mi="0" ci="11" mb="0" cb="0"/><line nr="276" mi="0" ci="4" mb="0" cb="0"/><line nr="277" mi="0" ci="2" mb="0" cb="0"/><line nr="278" mi="0" ci="6" mb="0" cb="2"/><line nr="279" mi="0" ci="4" mb="1" cb="1"/><line nr="280" mi="0" ci="7" mb="0" cb="0"/><line nr="282" mi="0" ci="1" mb="0" cb="0"/><line nr="284" mi="0" ci="4" mb="0" cb="0"/><line nr="285" mi="0" ci="1" mb="0" cb="0"/><line nr="291" mi="0" ci="4" mb="0" cb="2"/><line nr="292" mi="0" ci="4" mb="0" cb="0"/><line nr="293" mi="0" ci="7" mb="0" cb="0"/><line nr="294" mi="0" ci="1" mb="0" cb="0"/><line nr="296" mi="0" ci="6" mb="0" cb="0"/><line nr="297" mi="0" ci="2" mb="0" cb="0"/><line nr="298" mi="0" ci="5" mb="0" cb="2"/><line nr="299" mi="0" ci="4" mb="0" cb="0"/><line nr="300" mi="0" ci="7" mb="0" cb="0"/><line nr="301" mi="0" ci="1" mb="0" cb="0"/><line nr="303" mi="0" ci="5" mb="0" cb="2"/><line nr="304" mi="0" ci="4" mb="0" cb="0"/><line nr="305" mi="0" ci="7" mb="0" cb="0"/><line nr="306" mi="0" ci="1" mb="0" cb="0"/><line nr="308" mi="0" ci="6" mb="0" cb="0"/><line nr="309" mi="0" ci="4" mb="0" cb="2"/><line nr="310" mi="0" ci="6" mb="0" cb="0"/><line nr="312" mi="0" ci="4" mb="0" cb="2"/><line nr="313" mi="0" ci="4" mb="0" cb="0"/><line nr="315" mi="0" ci="4" mb="0" cb="0"/><line nr="316" mi="0" ci="7" mb="0" cb="0"/><line nr="317" mi="0" ci="4" mb="0" cb="0"/><line nr="318" mi="0" ci="7" mb="0" cb="0"/><line nr="319" mi="0" ci="1" mb="0" cb="0"/><line nr="325" mi="0" ci="4" mb="0" cb="0"/><line nr="326" mi="0" ci="7" mb="0" cb="0"/><line nr="327" mi="0" ci="7" mb="0" cb="0"/><line nr="328" mi="0" ci="11" mb="0" cb="0"/><line nr="329" mi="0" ci="7" mb="0" cb="0"/><line nr="330" mi="0" ci="11" mb="0" cb="0"/><line nr="331" mi="0" ci="7" mb="0" cb="0"/><line nr="332" mi="0" ci="11" mb="0" cb="0"/><line nr="333" mi="0" ci="7" mb="0" cb="0"/><line nr="334" mi="0" ci="11" mb="0" cb="0"/><line nr="335" mi="0" ci="8" mb="0" cb="0"/><line nr="336" mi="5" ci="1" mb="0" cb="0"/><line nr="337" mi="0" ci="2" mb="0" cb="0"/><line nr="338" mi="0" ci="11" mb="0" cb="4"/><line nr="340" mi="0" ci="7" mb="0" cb="0"/><line nr="341" mi="0" ci="1" mb="0" cb="0"/><line nr="343" mi="0" ci="4" mb="0" cb="0"/><line nr="344" mi="0" ci="7" mb="0" cb="0"/><line nr="345" mi="0" ci="1" mb="0" cb="0"/><line nr="347" mi="0" ci="4" mb="0" cb="0"/><line nr="348" mi="0" ci="1" mb="0" cb="0"/><line nr="350" mi="0" ci="4" mb="0" cb="0"/><line nr="351" mi="0" ci="7" mb="0" cb="0"/><line nr="354" mi="0" ci="1" mb="0" cb="0"/><line nr="360" mi="0" ci="4" mb="0" cb="0"/><line nr="361" mi="0" ci="4" mb="0" cb="0"/><line nr="362" mi="0" ci="4" mb="0" cb="0"/><line nr="363" mi="0" ci="4" mb="0" cb="0"/><line nr="364" mi="0" ci="4" mb="0" cb="0"/><line nr="365" mi="0" ci="4" mb="0" cb="0"/><line nr="366" mi="0" ci="4" mb="0" cb="0"/><line nr="367" mi="0" ci="4" mb="0" cb="0"/><line nr="368" mi="0" ci="4" mb="0" cb="0"/><line nr="369" mi="0" ci="1" mb="0" cb="0"/><line nr="375" mi="0" ci="4" mb="0" cb="2"/><line nr="376" mi="0" ci="4" mb="0" cb="0"/><line nr="377" mi="0" ci="7" mb="0" cb="0"/><line nr="378" mi="0" ci="1" mb="0" cb="0"/><line nr="380" mi="0" ci="6" mb="0" cb="0"/><line nr="381" mi="0" ci="2" mb="0" cb="0"/><line nr="382" mi="0" ci="6" mb="2" cb="2"/><line nr="383" mi="1" ci="8" mb="0" cb="0"/><line nr="385" mi="0" ci="6" mb="2" cb="2"/><line nr="386" mi="7" ci="0" mb="0" cb="0"/><line nr="388" mi="1" ci="10" mb="1" cb="1"/><line nr="389" mi="0" ci="10" mb="0" cb="0"/><line nr="390" mi="0" ci="5" mb="0" cb="2"/><line nr="391" mi="0" ci="4" mb="0" cb="0"/><line nr="392" mi="0" ci="7" mb="0" cb="0"/><line nr="393" mi="0" ci="1" mb="0" cb="0"/><line nr="395" mi="0" ci="5" mb="0" cb="2"/><line nr="396" mi="0" ci="4" mb="0" cb="0"/><line nr="397" mi="0" ci="7" mb="0" cb="0"/><line nr="398" mi="0" ci="1" mb="0" cb="0"/><line nr="400" mi="0" ci="6" mb="0" cb="0"/><line nr="401" mi="0" ci="6" mb="0" cb="0"/><line nr="402" mi="0" ci="6" mb="0" cb="0"/><line nr="403" mi="0" ci="4" mb="0" cb="2"/><line nr="404" mi="0" ci="6" mb="0" cb="0"/><line nr="406" mi="0" ci="4" mb="0" cb="2"/><line nr="407" mi="0" ci="4" mb="0" cb="0"/><line nr="408" mi="0" ci="7" mb="0" cb="0"/><line nr="409" mi="0" ci="1" mb="0" cb="0"/><line nr="411" mi="0" ci="4" mb="0" cb="2"/><line nr="412" mi="0" ci="4" mb="0" cb="0"/><line nr="413" mi="0" ci="7" mb="0" cb="0"/><line nr="414" mi="0" ci="1" mb="0" cb="0"/><line nr="416" mi="0" ci="5" mb="0" cb="2"/><line nr="417" mi="0" ci="4" mb="0" cb="0"/><line nr="419" mi="0" ci="5" mb="0" cb="2"/><line nr="420" mi="0" ci="4" mb="0" cb="0"/><line nr="421" mi="0" ci="7" mb="0" cb="0"/><line nr="422" mi="0" ci="1" mb="0" cb="0"/><line nr="424" mi="0" ci="16" mb="0" cb="0"/><line nr="425" mi="0" ci="4" mb="0" cb="0"/><line nr="426" mi="0" ci="4" mb="0" cb="0"/><line nr="427" mi="0" ci="1" mb="0" cb="0"/><line nr="433" mi="0" ci="6" mb="0" cb="0"/><line nr="434" mi="0" ci="6" mb="0" cb="0"/><line nr="435" mi="0" ci="2" mb="0" cb="0"/><line nr="436" mi="0" ci="5" mb="0" cb="2"/><line nr="437" mi="0" ci="4" mb="0" cb="0"/><line nr="439" mi="0" ci="5" mb="0" cb="2"/><line nr="440" mi="0" ci="5" mb="1" cb="1"/><line nr="441" mi="0" ci="6" mb="0" cb="0"/><line nr="444" mi="0" ci="5" mb="0" cb="2"/><line nr="445" mi="0" ci="5" mb="0" cb="2"/><line nr="446" mi="0" ci="7" mb="0" cb="0"/><line nr="448" mi="0" ci="6" mb="0" cb="0"/><line nr="451" mi="0" ci="1" mb="0" cb="0"/><line nr="457" mi="0" ci="4" mb="0" cb="2"/><line nr="458" mi="0" ci="1" mb="0" cb="0"/><line nr="460" mi="0" ci="6" mb="0" cb="0"/><line nr="461" mi="0" ci="6" mb="0" cb="0"/><line nr="462" mi="0" ci="2" mb="0" cb="0"/><line nr="463" mi="0" ci="5" mb="0" cb="2"/><line nr="464" mi="0" ci="4" mb="0" cb="0"/><line nr="466" mi="0" ci="5" mb="0" cb="2"/><line nr="467" mi="0" ci="7" mb="0" cb="0"/><line nr="469" mi="0" ci="7" mb="0" cb="2"/><line nr="470" mi="0" ci="4" mb="0" cb="0"/><line nr="471" mi="0" ci="7" mb="0" cb="0"/><line nr="473" mi="0" ci="1" mb="0" cb="0"/><line nr="479" mi="0" ci="5" mb="1" cb="1"/><line nr="480" mi="4" ci="0" mb="0" cb="0"/><line nr="481" mi="7" ci="0" mb="0" cb="0"/><line nr="482" mi="1" ci="0" mb="0" cb="0"/><line nr="484" mi="0" ci="8" mb="0" cb="0"/><line nr="485" mi="0" ci="6" mb="0" cb="0"/><line nr="486" mi="0" ci="9" mb="0" cb="0"/><line nr="487" mi="0" ci="9" mb="0" cb="0"/><line nr="488" mi="0" ci="9" mb="0" cb="0"/><line nr="489" mi="0" ci="9" mb="0" cb="0"/><line nr="490" mi="0" ci="9" mb="0" cb="0"/><line nr="491" mi="0" ci="9" mb="0" cb="0"/><line nr="492" mi="0" ci="9" mb="0" cb="0"/><line nr="493" mi="0" ci="10" mb="0" cb="0"/><line nr="494" mi="0" ci="7" mb="0" cb="0"/><line nr="495" mi="0" ci="4" mb="0" cb="0"/><line nr="496" mi="0" ci="7" mb="0" cb="0"/><line nr="497" mi="0" ci="1" mb="0" cb="0"/><line nr="503" mi="0" ci="4" mb="0" cb="0"/><line nr="504" mi="0" ci="4" mb="0" cb="0"/><line nr="505" mi="0" ci="7" mb="0" cb="0"/><line nr="506" mi="0" ci="4" mb="0" cb="0"/><line nr="507" mi="0" ci="7" mb="0" cb="0"/><line nr="508" mi="0" ci="7" mb="0" cb="0"/><line nr="509" mi="0" ci="11" mb="0" cb="0"/><line nr="510" mi="0" ci="4" mb="0" cb="0"/><line nr="511" mi="0" ci="2" mb="0" cb="0"/><line nr="512" mi="0" ci="12" mb="1" cb="3"/><line nr="513" mi="0" ci="5" mb="0" cb="0"/><line nr="515" mi="0" ci="4" mb="0" cb="0"/><line nr="516" mi="0" ci="7" mb="0" cb="0"/><line nr="518" mi="0" ci="1" mb="0" cb="0"/><line nr="524" mi="0" ci="4" mb="0" cb="0"/><line nr="525" mi="0" ci="6" mb="0" cb="0"/><line nr="526" mi="0" ci="4" mb="0" cb="0"/><line nr="527" mi="0" ci="6" mb="0" cb="0"/><line nr="528" mi="0" ci="7" mb="0" cb="0"/><line nr="529" mi="0" ci="10" mb="0" cb="0"/><line nr="530" mi="0" ci="6" mb="0" cb="2"/><line nr="531" mi="0" ci="7" mb="0" cb="0"/><line nr="532" mi="0" ci="7" mb="0" cb="0"/><line nr="533" mi="0" ci="8" mb="0" cb="0"/><line nr="535" mi="0" ci="4" mb="0" cb="0"/><line nr="536" mi="0" ci="6" mb="0" cb="0"/><line nr="538" mi="0" ci="1" mb="0" cb="0"/><line nr="544" mi="0" ci="4" mb="0" cb="0"/><line nr="545" mi="0" ci="10" mb="0" cb="0"/><line nr="546" mi="0" ci="6" mb="0" cb="2"/><line nr="547" mi="0" ci="4" mb="0" cb="0"/><line nr="548" mi="0" ci="7" mb="0" cb="0"/><line nr="549" mi="0" ci="1" mb="0" cb="0"/><line nr="551" mi="0" ci="6" mb="0" cb="0"/><line nr="552" mi="0" ci="6" mb="0" cb="0"/><line nr="553" mi="0" ci="6" mb="0" cb="0"/><line nr="554" mi="0" ci="4" mb="0" cb="0"/><line nr="555" mi="0" ci="8" mb="0" cb="0"/><line nr="556" mi="0" ci="12" mb="0" cb="0"/><line nr="557" mi="0" ci="12" mb="0" cb="0"/><line nr="558" mi="0" ci="12" mb="0" cb="0"/><line nr="559" mi="0" ci="4" mb="0" cb="0"/><line nr="560" mi="0" ci="4" mb="0" cb="0"/><line nr="561" mi="0" ci="6" mb="0" cb="0"/><line nr="562" mi="0" ci="6" mb="0" cb="0"/><line nr="563" mi="0" ci="6" mb="0" cb="0"/><line nr="564" mi="0" ci="4" mb="0" cb="0"/><line nr="565" mi="0" ci="4" mb="0" cb="0"/><line nr="566" mi="0" ci="10" mb="0" cb="0"/><line nr="567" mi="0" ci="5" mb="0" cb="2"/><line nr="568" mi="0" ci="4" mb="0" cb="0"/><line nr="569" mi="0" ci="7" mb="0" cb="0"/><line nr="570" mi="0" ci="1" mb="0" cb="0"/><line nr="572" mi="0" ci="4" mb="0" cb="0"/><line nr="573" mi="0" ci="4" mb="0" cb="0"/><line nr="574" mi="0" ci="4" mb="0" cb="0"/><line nr="575" mi="0" ci="7" mb="0" cb="0"/><line nr="576" mi="0" ci="7" mb="0" cb="0"/><line nr="577" mi="0" ci="1" mb="0" cb="0"/><line nr="583" mi="0" ci="20" mb="0" cb="2"/><line nr="584" mi="0" ci="4" mb="0" cb="0"/><line nr="585" mi="0" ci="6" mb="0" cb="0"/><line nr="586" mi="0" ci="6" mb="0" cb="0"/><line nr="587" mi="0" ci="6" mb="0" cb="0"/><line nr="588" mi="0" ci="9" mb="0" cb="0"/><line nr="589" mi="0" ci="9" mb="0" cb="0"/><line nr="590" mi="0" ci="16" mb="0" cb="0"/><line nr="591" mi="0" ci="9" mb="0" cb="0"/><line nr="592" mi="0" ci="15" mb="0" cb="0"/><line nr="593" mi="0" ci="9" mb="0" cb="0"/><line nr="594" mi="0" ci="4" mb="0" cb="0"/><line nr="595" mi="0" ci="10" mb="0" cb="0"/><line nr="596" mi="0" ci="5" mb="1" cb="1"/><line nr="599" mi="0" ci="8" mb="0" cb="2"/><line nr="600" mi="0" ci="4" mb="0" cb="0"/><line nr="601" mi="0" ci="4" mb="0" cb="0"/><line nr="604" mi="0" ci="1" mb="0" cb="0"/><line nr="610" mi="0" ci="9" mb="0" cb="0"/><line nr="611" mi="0" ci="9" mb="0" cb="0"/><line nr="612" mi="0" ci="2" mb="0" cb="0"/><line nr="613" mi="0" ci="5" mb="0" cb="2"/><line nr="614" mi="0" ci="4" mb="0" cb="0"/><line nr="615" mi="0" ci="9" mb="0" cb="0"/><line nr="616" mi="0" ci="9" mb="0" cb="0"/><line nr="617" mi="0" ci="16" mb="0" cb="0"/><line nr="618" mi="0" ci="9" mb="0" cb="0"/><line nr="619" mi="0" ci="6" mb="0" cb="0"/><line nr="620" mi="0" ci="11" mb="0" cb="0"/><line nr="621" mi="0" ci="4" mb="0" cb="0"/><line nr="622" mi="0" ci="10" mb="0" cb="0"/><line nr="623" mi="0" ci="5" mb="1" cb="1"/><line nr="627" mi="0" ci="5" mb="0" cb="2"/><line nr="628" mi="0" ci="15" mb="0" cb="0"/><line nr="629" mi="0" ci="6" mb="0" cb="0"/><line nr="630" mi="0" ci="15" mb="0" cb="0"/><line nr="631" mi="0" ci="4" mb="0" cb="0"/><line nr="632" mi="0" ci="10" mb="0" cb="0"/><line nr="633" mi="0" ci="5" mb="1" cb="1"/><line nr="637" mi="0" ci="1" mb="0" cb="0"/><line nr="643" mi="0" ci="4" mb="0" cb="0"/><line nr="644" mi="0" ci="10" mb="0" cb="0"/><line nr="645" mi="0" ci="6" mb="0" cb="2"/><line nr="646" mi="0" ci="1" mb="0" cb="0"/><line nr="648" mi="0" ci="4" mb="0" cb="0"/><line nr="649" mi="0" ci="6" mb="0" cb="0"/><line nr="650" mi="0" ci="6" mb="0" cb="0"/><line nr="651" mi="0" ci="9" mb="0" cb="0"/><line nr="652" mi="0" ci="9" mb="0" cb="0"/><line nr="653" mi="0" ci="4" mb="0" cb="0"/><line nr="654" mi="0" ci="16" mb="0" cb="0"/><line nr="655" mi="0" ci="9" mb="0" cb="0"/><line nr="656" mi="0" ci="6" mb="0" cb="0"/><line nr="657" mi="0" ci="4" mb="0" cb="0"/><line nr="658" mi="0" ci="6" mb="0" cb="0"/><line nr="659" mi="0" ci="6" mb="0" cb="0"/><line nr="660" mi="0" ci="4" mb="0" cb="0"/><line nr="661" mi="0" ci="10" mb="0" cb="0"/><line nr="662" mi="0" ci="5" mb="1" cb="1"/><line nr="665" mi="0" ci="1" mb="0" cb="0"/><line nr="671" mi="0" ci="4" mb="0" cb="0"/><line nr="672" mi="0" ci="10" mb="0" cb="0"/><line nr="673" mi="0" ci="6" mb="1" cb="1"/><line nr="674" mi="4" ci="0" mb="0" cb="0"/><line nr="675" mi="7" ci="0" mb="0" cb="0"/><line nr="676" mi="1" ci="0" mb="0" cb="0"/><line nr="678" mi="0" ci="6" mb="0" cb="0"/><line nr="679" mi="0" ci="2" mb="0" cb="0"/><line nr="680" mi="0" ci="5" mb="0" cb="2"/><line nr="681" mi="0" ci="4" mb="0" cb="0"/><line nr="683" mi="0" ci="12" mb="0" cb="0"/><line nr="684" mi="0" ci="4" mb="0" cb="0"/><line nr="685" mi="0" ci="6" mb="0" cb="0"/><line nr="686" mi="0" ci="6" mb="0" cb="0"/><line nr="687" mi="0" ci="6" mb="0" cb="0"/><line nr="688" mi="0" ci="6" mb="0" cb="0"/><line nr="689" mi="0" ci="4" mb="0" cb="0"/><line nr="690" mi="0" ci="4" mb="0" cb="0"/><line nr="691" mi="0" ci="6" mb="0" cb="0"/><line nr="692" mi="0" ci="7" mb="0" cb="0"/><line nr="693" mi="0" ci="4" mb="0" cb="0"/><line nr="694" mi="0" ci="7" mb="0" cb="0"/><line nr="695" mi="0" ci="4" mb="0" cb="0"/><line nr="696" mi="0" ci="6" mb="0" cb="0"/><line nr="697" mi="0" ci="4" mb="0" cb="0"/><line nr="698" mi="0" ci="10" mb="0" cb="0"/><line nr="699" mi="0" ci="5" mb="0" cb="2"/><line nr="700" mi="0" ci="4" mb="0" cb="0"/><line nr="701" mi="0" ci="7" mb="0" cb="0"/><line nr="703" mi="0" ci="4" mb="0" cb="0"/><line nr="704" mi="0" ci="1" mb="0" cb="0"/><line nr="710" mi="0" ci="6" mb="0" cb="0"/><line nr="711" mi="0" ci="2" mb="0" cb="0"/><line nr="712" mi="0" ci="5" mb="0" cb="2"/><line nr="713" mi="0" ci="1" mb="0" cb="0"/><line nr="715" mi="0" ci="7" mb="0" cb="0"/><line nr="716" mi="0" ci="6" mb="0" cb="0"/><line nr="717" mi="0" ci="6" mb="0" cb="0"/><line nr="718" mi="0" ci="4" mb="0" cb="0"/><line nr="719" mi="0" ci="10" mb="0" cb="0"/><line nr="720" mi="0" ci="5" mb="1" cb="1"/><line nr="723" mi="0" ci="1" mb="0" cb="0"/><line nr="729" mi="0" ci="4" mb="0" cb="0"/><line nr="730" mi="0" ci="10" mb="0" cb="0"/><line nr="731" mi="0" ci="4" mb="0" cb="0"/><line nr="732" mi="0" ci="10" mb="0" cb="0"/><line nr="733" mi="0" ci="4" mb="0" cb="0"/><line nr="734" mi="0" ci="10" mb="0" cb="0"/><line nr="735" mi="0" ci="4" mb="0" cb="0"/><line nr="736" mi="0" ci="10" mb="0" cb="0"/><line nr="737" mi="0" ci="4" mb="0" cb="0"/><line nr="738" mi="0" ci="10" mb="0" cb="0"/><line nr="739" mi="0" ci="4" mb="0" cb="0"/><line nr="740" mi="0" ci="10" mb="0" cb="0"/><line nr="741" mi="0" ci="4" mb="0" cb="0"/><line nr="742" mi="0" ci="10" mb="0" cb="0"/><line nr="743" mi="0" ci="1" mb="0" cb="0"/><line nr="749" mi="0" ci="4" mb="0" cb="0"/><line nr="750" mi="0" ci="6" mb="0" cb="0"/><line nr="751" mi="0" ci="4" mb="0" cb="0"/><line nr="752" mi="0" ci="4" mb="0" cb="0"/><line nr="753" mi="0" ci="10" mb="0" cb="0"/><line nr="754" mi="0" ci="4" mb="0" cb="0"/><line nr="755" mi="0" ci="4" mb="0" cb="0"/><line nr="762" mi="0" ci="4" mb="0" cb="0"/><line nr="763" mi="0" ci="6" mb="0" cb="0"/><line nr="764" mi="0" ci="6" mb="0" cb="0"/><line nr="765" mi="0" ci="6" mb="0" cb="0"/><line nr="766" mi="0" ci="6" mb="0" cb="0"/><line nr="767" mi="0" ci="6" mb="0" cb="0"/><line nr="768" mi="0" ci="6" mb="0" cb="0"/><line nr="769" mi="0" ci="4" mb="0" cb="0"/><line nr="770" mi="0" ci="6" mb="0" cb="0"/><line nr="771" mi="0" ci="6" mb="0" cb="0"/><line nr="772" mi="0" ci="6" mb="0" cb="0"/><line nr="773" mi="0" ci="6" mb="0" cb="0"/><line nr="774" mi="0" ci="6" mb="0" cb="0"/><line nr="775" mi="0" ci="6" mb="0" cb="0"/><line nr="776" mi="0" ci="1" mb="0" cb="0"/><line nr="782" mi="0" ci="4" mb="0" cb="0"/><line nr="783" mi="0" ci="6" mb="0" cb="0"/><line nr="784" mi="0" ci="6" mb="0" cb="0"/><line nr="785" mi="0" ci="6" mb="0" cb="0"/><line nr="786" mi="0" ci="6" mb="0" cb="0"/><line nr="787" mi="0" ci="6" mb="0" cb="0"/><line nr="788" mi="0" ci="6" mb="0" cb="0"/><line nr="789" mi="0" ci="6" mb="0" cb="0"/><line nr="790" mi="0" ci="6" mb="0" cb="0"/><line nr="791" mi="0" ci="6" mb="0" cb="0"/><line nr="792" mi="0" ci="6" mb="0" cb="0"/><line nr="793" mi="0" ci="4" mb="0" cb="0"/><line nr="794" mi="0" ci="6" mb="0" cb="0"/><line nr="795" mi="0" ci="6" mb="0" cb="0"/><line nr="796" mi="0" ci="6" mb="0" cb="0"/><line nr="797" mi="0" ci="6" mb="0" cb="0"/><line nr="798" mi="0" ci="6" mb="0" cb="0"/><line nr="799" mi="0" ci="6" mb="0" cb="0"/><line nr="800" mi="0" ci="6" mb="0" cb="0"/><line nr="801" mi="0" ci="6" mb="0" cb="0"/><line nr="802" mi="0" ci="6" mb="0" cb="0"/><line nr="803" mi="0" ci="6" mb="0" cb="0"/><line nr="804" mi="0" ci="1" mb="0" cb="0"/><line nr="810" mi="0" ci="4" mb="0" cb="0"/><line nr="811" mi="0" ci="6" mb="0" cb="0"/><line nr="812" mi="0" ci="6" mb="0" cb="0"/><line nr="813" mi="0" ci="6" mb="0" cb="0"/><line nr="814" mi="0" ci="4" mb="0" cb="0"/><line nr="815" mi="0" ci="6" mb="0" cb="0"/><line nr="816" mi="0" ci="6" mb="0" cb="0"/><line nr="817" mi="0" ci="6" mb="0" cb="0"/><line nr="818" mi="0" ci="1" mb="0" cb="0"/><line nr="824" mi="0" ci="4" mb="0" cb="0"/><line nr="825" mi="0" ci="6" mb="0" cb="0"/><line nr="826" mi="0" ci="6" mb="0" cb="0"/><line nr="827" mi="0" ci="6" mb="0" cb="0"/><line nr="828" mi="0" ci="6" mb="0" cb="0"/><line nr="829" mi="0" ci="6" mb="0" cb="0"/><line nr="830" mi="0" ci="4" mb="0" cb="0"/><line nr="831" mi="0" ci="6" mb="0" cb="0"/><line nr="832" mi="0" ci="6" mb="0" cb="0"/><line nr="833" mi="0" ci="6" mb="0" cb="0"/><line nr="834" mi="0" ci="6" mb="0" cb="0"/><line nr="835" mi="0" ci="6" mb="0" cb="0"/><line nr="836" mi="0" ci="1" mb="0" cb="0"/><line nr="839" mi="0" ci="12" mb="0" cb="0"/><line nr="840" mi="0" ci="1" mb="0" cb="0"/><line nr="844" mi="0" ci="3" mb="0" cb="0"/><line nr="845" mi="0" ci="8" mb="0" cb="0"/><line nr="846" mi="0" ci="12" mb="1" cb="3"/><line nr="847" mi="0" ci="3" mb="0" cb="0"/><line nr="848" mi="0" ci="8" mb="0" cb="0"/><line nr="849" mi="0" ci="2" mb="0" cb="0"/><line nr="850" mi="0" ci="8" mb="0" cb="0"/><line nr="851" mi="0" ci="3" mb="0" cb="0"/><line nr="852" mi="0" ci="8" mb="0" cb="0"/><line nr="854" mi="0" ci="6" mb="0" cb="2"/><line nr="855" mi="0" ci="4" mb="0" cb="0"/><line nr="856" mi="4" ci="0" mb="0" cb="0"/><line nr="858" mi="0" ci="1" mb="0" cb="0"/><line nr="862" mi="0" ci="4" mb="0" cb="0"/><line nr="863" mi="0" ci="2" mb="0" cb="0"/><line nr="864" mi="1" ci="8" mb="0" cb="0"/><line nr="865" mi="1" ci="8" mb="1" cb="1"/><line nr="866" mi="0" ci="2" mb="0" cb="0"/><line nr="867" mi="1" ci="8" mb="0" cb="0"/><line nr="868" mi="0" ci="4" mb="0" cb="0"/><line nr="869" mi="1" ci="8" mb="1" cb="1"/><line nr="870" mi="0" ci="7" mb="0" cb="0"/><line nr="871" mi="0" ci="10" mb="0" cb="0"/><line nr="872" mi="0" ci="1" mb="0" cb="0"/><line nr="876" mi="0" ci="2" mb="0" cb="0"/><line nr="877" mi="0" ci="6" mb="2" cb="2"/><line nr="878" mi="1" ci="8" mb="0" cb="0"/><line nr="880" mi="0" ci="6" mb="2" cb="2"/><line nr="881" mi="7" ci="0" mb="0" cb="0"/><line nr="883" mi="1" ci="10" mb="1" cb="1"/><line nr="884" mi="0" ci="10" mb="0" cb="0"/><line nr="885" mi="0" ci="1" mb="0" cb="0"/><counter type="INSTRUCTION" missed="113" covered="2789"/><counter type="BRANCH" missed="31" covered="109"/><counter type="LINE" missed="23" covered="509"/><counter type="COMPLEXITY" missed="30" covered="93"/><counter type="METHOD" missed="3" covered="49"/><counter type="CLASS" missed="0" covered="1"/></sourcefile><counter type="INSTRUCTION" missed="113" covered="2789"/><counter type="BRANCH" missed="31" covered="109"/><counter type="LINE" missed="23" covered="509"/><counter type="COMPLEXITY" missed="30" covered="93"/><counter type="METHOD" missed="3" covered="49"/><counter type="CLASS" missed="0" covered="1"/></package><package name="com/sakura/pu0040/domain"><class name="com/sakura/pu0040/domain/Pu0040FieldAccess" sourcefilename="Pu0040FieldAccess.java"><method name="&lt;init&gt;" desc="(Lcom/sakura/pu0040/domain/WorkingStorage;Lcom/sakura/pu0040/runtime/Pu0040Datasets;)V" line="15"><counter type="INSTRUCTION" missed="0" covered="79"/><counter type="BRANCH" missed="14" covered="16"/><counter type="LINE" missed="0" covered="18"/><counter type="COMPLEXITY" missed="14" covered="2"/><counter type="METHOD" missed="0" covered="1"/></method><method name="getCompletionCode" desc="()I" line="43"><counter type="INSTRUCTION" missed="0" covered="6"/><counter type="LINE" missed="0" covered="1"/><counter type="COMPLEXITY" missed="0" covered="1"/><counter type="METHOD" missed="0" covered="1"/></method><method name="setCompletionCode" desc="(I)V" line="44"><counter type="INSTRUCTION" missed="0" covered="7"/><counter type="LINE" missed="0" covered="1"/><counter type="COMPLEXITY" missed="0" covered="1"/><counter type="METHOD" missed="0" covered="1"/></method><method name="getDtlDone" desc="()I" line="45"><counter type="INSTRUCTION" missed="0" covered="6"/><counter type="LINE" missed="0" covered="1"/><counter type="COMPLEXITY" missed="0" covered="1"/><counter type="METHOD" missed="0" covered="1"/></method><method name="setDtlDone" desc="(I)V" line="46"><counter type="INSTRUCTION" missed="0" covered="7"/><counter type="LINE" missed="0" covered="1"/><counter type="COMPLEXITY" missed="0" covered="1"/><counter type="METHOD" missed="0" covered="1"/></method><method name="getEndFlg" desc="()I" line="47"><counter type="INSTRUCTION" missed="0" covered="6"/><counter type="LINE" missed="0" covered="1"/><counter type="COMPLEXITY" missed="0" covered="1"/><counter type="METHOD" missed="0" covered="1"/></method><method name="setEndFlg" desc="(I)V" line="48"><counter type="INSTRUCTION" missed="0" covered="7"/><counter type="LINE" missed="0" covered="1"/><counter type="COMPLEXITY" missed="0" covered="1"/><counter type="METHOD" missed="0" covered="1"/></method><method name="getEsts" desc="()Ljava/lang/String;" line="49"><counter type="INSTRUCTION" missed="0" covered="6"/><counter type="LINE" missed="0" covered="1"/><counter type="COMPLEXITY" missed="0" covered="1"/><counter type="METHOD" missed="0" covered="1"/></method><method name="setEsts" desc="(Ljava/lang/String;)V" line="50"><counter type="INSTRUCTION" missed="0" covered="7"/><counter type="LINE" missed="0" covered="1"/><counter type="COMPLEXITY" missed="0" covered="1"/><counter type="METHOD" missed="0" covered="1"/></method><method name="getFsts" desc="()Ljava/lang/String;" line="51"><counter type="INSTRUCTION" missed="0" covered="6"/><counter type="LINE" missed="0" covered="1"/><counter type="COMPLEXITY" missed="0" covered="1"/><counter type="METHOD" missed="0" covered="1"/></method><method name="setFsts" desc="(Ljava/lang/String;)V" line="52"><counter type="INSTRUCTION" missed="0" covered="7"/><counter type="LINE" missed="0" covered="1"/><counter type="COMPLEXITY" missed="0" covered="1"/><counter type="METHOD" missed="0" covered="1"/></method><method name="getHdrOk" desc="()I" line="53"><counter type="INSTRUCTION" missed="0" covered="6"/><counter type="LINE" missed="0" covered="1"/><counter type="COMPLEXITY" missed="0" covered="1"/><counter type="METHOD" missed="0" covered="1"/></method><method name="setHdrOk" desc="(I)V" line="54"><counter type="INSTRUCTION" missed="0" covered="7"/><counter type="LINE" missed="0" covered="1"/><counter type="COMPLEXITY" missed="0" covered="1"/><counter type="METHOD" missed="0" covered="1"/></method><method name="getKaDetail" desc="()Ljava/lang/String;" line="55"><counter type="INSTRUCTION" missed="0" covered="6"/><counter type="LINE" missed="0" covered="1"/><counter type="COMPLEXITY" missed="0" covered="1"/><counter type="METHOD" missed="0" covered="1"/></method><method name="setKaDetail" desc="(Ljava/lang/String;)V" line="56"><counter type="INSTRUCTION" missed="0" covered="7"/><counter type="LINE" missed="0" covered="1"/><counter type="COMPLEXITY" missed="0" covered="1"/><counter type="METHOD" missed="0" covered="1"/></method><method name="getKaFile" desc="()Ljava/lang/String;" line="57"><counter type="INSTRUCTION" missed="0" covered="6"/><counter type="LINE" missed="0" covered="1"/><counter type="COMPLEXITY" missed="0" covered="1"/><counter type="METHOD" missed="0" covered="1"/></method><method name="setKaFile" desc="(Ljava/lang/String;)V" line="58"><counter type="INSTRUCTION" missed="0" covered="7"/><counter type="LINE" missed="0" covered="1"/><counter type="COMPLEXITY" missed="0" covered="1"/><counter type="METHOD" missed="0" covered="1"/></method><method name="getKaFsts" desc="()Ljava/lang/String;" line="59"><counter type="INSTRUCTION" missed="0" covered="6"/><counter type="LINE" missed="0" covered="1"/><counter type="COMPLEXITY" missed="0" covered="1"/><counter type="METHOD" missed="0" covered="1"/></method><method name="setKaFsts" desc="(Ljava/lang/String;)V" line="60"><counter type="INSTRUCTION" missed="0" covered="7"/><counter type="LINE" missed="0" covered="1"/><counter type="COMPLEXITY" missed="0" covered="1"/><counter type="METHOD" missed="0" covered="1"/></method><method name="getKaMsgcode" desc="()Ljava/lang/String;" line="61"><counter type="INSTRUCTION" missed="0" covered="6"/><counter type="LINE" missed="0" covered="1"/><counter type="COMPLEXITY" missed="0" covered="1"/><counter type="METHOD" missed="0" covered="1"/></method><method name="setKaMsgcode" desc="(Ljava/lang/String;)V" line="62"><counter type="INSTRUCTION" missed="0" covered="7"/><counter type="LINE" missed="0" covered="1"/><counter type="COMPLEXITY" missed="0" covered="1"/><counter type="METHOD" missed="0" covered="1"/></method><method name="getKaProgid" desc="()Ljava/lang/String;" line="63"><counter type="INSTRUCTION" missed="0" covered="6"/><counter type="LINE" missed="0" covered="1"/><counter type="COMPLEXITY" missed="0" covered="1"/><counter type="METHOD" missed="0" covered="1"/></method><method name="setKaProgid" desc="(Ljava/lang/String;)V" line="64"><counter type="INSTRUCTION" missed="0" covered="7"/><counter type="LINE" missed="0" covered="1"/><counter type="COMPLEXITY" missed="0" covered="1"/><counter type="METHOD" missed="0" covered="1"/></method><method name="getKabend" desc="()Ljava/lang/String;" line="65"><counter type="INSTRUCTION" missed="0" covered="6"/><counter type="LINE" missed="0" covered="1"/><counter type="COMPLEXITY" missed="0" covered="1"/><counter type="METHOD" missed="0" covered="1"/></method><method name="setKabend" desc="(Ljava/lang/String;)V" line="66"><counter type="INSTRUCTION" missed="0" covered="7"/><counter type="LINE" missed="0" covered="1"/><counter type="COMPLEXITY" missed="0" covered="1"/><counter type="METHOD" missed="0" covered="1"/></method><method name="getKdDate1" desc="()I" line="67"><counter type="INSTRUCTION" missed="0" covered="6"/><counter type="LINE" missed="0" covered="1"/><counter type="COMPLEXITY" missed="0" covered="1"/><counter type="METHOD" missed="0" covered="1"/></method><method name="setKdDate1" desc="(I)V" line="68"><counter type="INSTRUCTION" missed="0" covered="7"/><counter type="LINE" missed="0" covered="1"/><counter type="COMPLEXITY" missed="0" covered="1"/><counter type="METHOD" missed="0" covered="1"/></method><method name="getKdDate2" desc="()I" line="69"><counter type="INSTRUCTION" missed="0" covered="6"/><counter type="LINE" missed="0" covered="1"/><counter type="COMPLEXITY" missed="0" covered="1"/><counter type="METHOD" missed="0" covered="1"/></method><method name="setKdDate2" desc="(I)V" line="70"><counter type="INSTRUCTION" missed="0" covered="7"/><counter type="LINE" missed="0" covered="1"/><counter type="COMPLEXITY" missed="0" covered="1"/><counter type="METHOD" missed="0" covered="1"/></method><method name="getKdDays" desc="()I" line="71"><counter type="INSTRUCTION" missed="0" covered="6"/><counter type="LINE" missed="0" covered="1"/><counter type="COMPLEXITY" missed="0" covered="1"/><counter type="METHOD" missed="0" covered="1"/></method><method name="setKdDays" desc="(I)V" line="72"><counter type="INSTRUCTION" missed="0" covered="7"/><counter type="LINE" missed="0" covered="1"/><counter type="COMPLEXITY" missed="0" covered="1"/><counter type="METHOD" missed="0" covered="1"/></method><method name="getKdFunc" desc="()Ljava/lang/String;" line="73"><counter type="INSTRUCTION" missed="0" covered="6"/><counter type="LINE" missed="0" covered="1"/><counter type="COMPLEXITY" missed="0" covered="1"/><counter type="METHOD" missed="0" covered="1"/></method><method name="setKdFunc" desc="(Ljava/lang/String;)V" line="74"><counter type="INSTRUCTION" missed="0" covered="7"/><counter type="LINE" missed="0" covered="1"/><counter type="COMPLEXITY" missed="0" covered="1"/><counter type="METHOD" missed="0" covered="1"/></method><method name="getKdStatus" desc="()Ljava/lang/String;" line="75"><counter type="INSTRUCTION" missed="0" covered="6"/><counter type="LINE" missed="0" covered="1"/><counter type="COMPLEXITY" missed="0" covered="1"/><counter type="METHOD" missed="0" covered="1"/></method><method name="setKdStatus" desc="(Ljava/lang/String;)V" line="76"><counter type="INSTRUCTION" missed="0" covered="7"/><counter type="LINE" missed="0" covered="1"/><counter type="COMPLEXITY" missed="0" covered="1"/><counter type="METHOD" missed="0" covered="1"/></method><method name="getKdWeekday" desc="()I" line="77"><counter type="INSTRUCTION" missed="0" covered="6"/><counter type="LINE" missed="0" covered="1"/><counter type="COMPLEXITY" missed="0" covered="1"/><counter type="METHOD" missed="0" covered="1"/></method><method name="setKdWeekday" desc="(I)V" line="78"><counter type="INSTRUCTION" missed="0" covered="7"/><counter type="LINE" missed="0" covered="1"/><counter type="COMPLEXITY" missed="0" covered="1"/><counter type="METHOD" missed="0" covered="1"/></method><method name="getKdate" desc="()Ljava/lang/String;" line="79"><counter type="INSTRUCTION" missed="0" covered="6"/><counter type="LINE" missed="0" covered="1"/><counter type="COMPLEXITY" missed="0" covered="1"/><counter type="METHOD" missed="0" covered="1"/></method><method name="setKdate" desc="(Ljava/lang/String;)V" line="80"><counter type="INSTRUCTION" missed="0" covered="7"/><counter type="LINE" missed="0" covered="1"/><counter type="COMPLEXITY" missed="0" covered="1"/><counter type="METHOD" missed="0" covered="1"/></method><method name="getKnum" desc="()Ljava/lang/String;" line="81"><counter type="INSTRUCTION" missed="0" covered="6"/><counter type="LINE" missed="0" covered="1"/><counter type="COMPLEXITY" missed="0" covered="1"/><counter type="METHOD" missed="0" covered="1"/></method><method name="setKnum" desc="(Ljava/lang/String;)V" line="82"><counter type="INSTRUCTION" missed="0" covered="7"/><counter type="LINE" missed="0" covered="1"/><counter type="COMPLEXITY" missed="0" covered="1"/><counter type="METHOD" missed="0" covered="1"/></method><method name="getKnumKey" desc="()Ljava/lang/String;" line="83"><counter type="INSTRUCTION" missed="0" covered="6"/><counter type="LINE" missed="0" covered="1"/><counter type="COMPLEXITY" missed="0" covered="1"/><counter type="METHOD" missed="0" covered="1"/></method><method name="setKnumKey" desc="(Ljava/lang/String;)V" line="84"><counter type="INSTRUCTION" missed="0" covered="7"/><counter type="LINE" missed="0" covered="1"/><counter type="COMPLEXITY" missed="0" covered="1"/><counter type="METHOD" missed="0" covered="1"/></method><method name="getKnumNumber" desc="()J" line="85"><counter type="INSTRUCTION" missed="0" covered="6"/><counter type="LINE" missed="0" covered="1"/><counter type="COMPLEXITY" missed="0" covered="1"/><counter type="METHOD" missed="0" covered="1"/></method><method name="setKnumNumber" desc="(J)V" line="86"><counter type="INSTRUCTION" missed="0" covered="7"/><counter type="LINE" missed="0" covered="1"/><counter type="COMPLEXITY" missed="0" covered="1"/><counter type="METHOD" missed="0" covered="1"/></method><method name="getKnumStatus" desc="()Ljava/lang/String;" line="87"><counter type="INSTRUCTION" missed="0" covered="6"/><counter type="LINE" missed="0" covered="1"/><counter type="COMPLEXITY" missed="0" covered="1"/><counter type="METHOD" missed="0" covered="1"/></method><method name="setKnumStatus" desc="(Ljava/lang/String;)V" line="88"><counter type="INSTRUCTION" missed="0" covered="7"/><counter type="LINE" missed="0" covered="1"/><counter type="COMPLEXITY" missed="0" covered="1"/><counter type="METHOD" missed="0" covered="1"/></method><method name="getKtAmount" desc="()Ljava/math/BigDecimal;" line="89"><counter type="INSTRUCTION" missed="0" covered="6"/><counter type="LINE" missed="0" covered="1"/><counter type="COMPLEXITY" missed="0" covered="1"/><counter type="METHOD" missed="0" covered="1"/></method><method name="setKtAmount" desc="(Ljava/math/BigDecimal;)V" line="90"><counter type="INSTRUCTION" missed="0" covered="7"/><counter type="LINE" missed="0" covered="1"/><counter type="COMPLEXITY" missed="0" covered="1"/><counter type="METHOD" missed="0" covered="1"/></method><method name="getKtCategory" desc="()I" line="91"><counter type="INSTRUCTION" missed="0" covered="6"/><counter type="LINE" missed="0" covered="1"/><counter type="COMPLEXITY" missed="0" covered="1"/><counter type="METHOD" missed="0" covered="1"/></method><method name="setKtCategory" desc="(I)V" line="92"><counter type="INSTRUCTION" missed="0" covered="7"/><counter type="LINE" missed="0" covered="1"/><counter type="COMPLEXITY" missed="0" covered="1"/><counter type="METHOD" missed="0" covered="1"/></method><method name="getKtDate" desc="()I" line="93"><counter type="INSTRUCTION" missed="0" covered="6"/><counter type="LINE" missed="0" covered="1"/><counter type="COMPLEXITY" missed="0" covered="1"/><counter type="METHOD" missed="0" covered="1"/></method><method name="setKtDate" desc="(I)V" line="94"><counter type="INSTRUCTION" missed="0" covered="7"/><counter type="LINE" missed="0" covered="1"/><counter type="COMPLEXITY" missed="0" covered="1"/><counter type="METHOD" missed="0" covered="1"/></method><method name="getKtGross" desc="()Ljava/math/BigDecimal;" line="95"><counter type="INSTRUCTION" missed="0" covered="6"/><counter type="LINE" missed="0" covered="1"/><counter type="COMPLEXITY" missed="0" covered="1"/><counter type="METHOD" missed="0" covered="1"/></method><method name="setKtGross" desc="(Ljava/math/BigDecimal;)V" line="96"><counter type="INSTRUCTION" missed="0" covered="7"/><counter type="LINE" missed="0" covered="1"/><counter type="COMPLEXITY" missed="0" covered="1"/><counter type="METHOD" missed="0" covered="1"/></method><method name="getKtNet" desc="()Ljava/math/BigDecimal;" line="97"><counter type="INSTRUCTION" missed="0" covered="6"/><counter type="LINE" missed="0" covered="1"/><counter type="COMPLEXITY" missed="0" covered="1"/><counter type="METHOD" missed="0" covered="1"/></method><method name="setKtNet" desc="(Ljava/math/BigDecimal;)V" line="98"><counter type="INSTRUCTION" missed="0" covered="7"/><counter type="LINE" missed="0" covered="1"/><counter type="COMPLEXITY" missed="0" covered="1"/><counter type="METHOD" missed="0" covered="1"/></method><method name="getKtRate" desc="()Ljava/math/BigDecimal;" line="99"><counter type="INSTRUCTION" missed="0" covered="6"/><counter type="LINE" missed="0" covered="1"/><counter type="COMPLEXITY" missed="0" covered="1"/><counter type="METHOD" missed="0" covered="1"/></method><method name="setKtRate" desc="(Ljava/math/BigDecimal;)V" line="100"><counter type="INSTRUCTION" missed="0" covered="7"/><counter type="LINE" missed="0" covered="1"/><counter type="COMPLEXITY" missed="0" covered="1"/><counter type="METHOD" missed="0" covered="1"/></method><method name="getKtRound" desc="()I" line="101"><counter type="INSTRUCTION" missed="0" covered="6"/><counter type="LINE" missed="0" covered="1"/><counter type="COMPLEXITY" missed="0" covered="1"/><counter type="METHOD" missed="0" covered="1"/></method><method name="setKtRound" desc="(I)V" line="102"><counter type="INSTRUCTION" missed="0" covered="7"/><counter type="LINE" missed="0" covered="1"/><counter type="COMPLEXITY" missed="0" covered="1"/><counter type="METHOD" missed="0" covered="1"/></method><method name="getKtStatus" desc="()Ljava/lang/String;" line="103"><counter type="INSTRUCTION" missed="0" covered="6"/><counter type="LINE" missed="0" covered="1"/><counter type="COMPLEXITY" missed="0" covered="1"/><counter type="METHOD" missed="0" covered="1"/></method><method name="setKtStatus" desc="(Ljava/lang/String;)V" line="104"><counter type="INSTRUCTION" missed="0" covered="7"/><counter type="LINE" missed="0" covered="1"/><counter type="COMPLEXITY" missed="0" covered="1"/><counter type="METHOD" missed="0" covered="1"/></method><method name="getKtTax" desc="()Ljava/math/BigDecimal;" line="105"><counter type="INSTRUCTION" missed="0" covered="6"/><counter type="LINE" missed="0" covered="1"/><counter type="COMPLEXITY" missed="0" covered="1"/><counter type="METHOD" missed="0" covered="1"/></method><method name="setKtTax" desc="(Ljava/math/BigDecimal;)V" line="106"><counter type="INSTRUCTION" missed="0" covered="7"/><counter type="LINE" missed="0" covered="1"/><counter type="COMPLEXITY" missed="0" covered="1"/><counter type="METHOD" missed="0" covered="1"/></method><method name="getKtTaxType" desc="()I" line="107"><counter type="INSTRUCTION" missed="0" covered="6"/><counter type="LINE" missed="0" covered="1"/><counter type="COMPLEXITY" missed="0" covered="1"/><counter type="METHOD" missed="0" covered="1"/></method><method name="setKtTaxType" desc="(I)V" line="108"><counter type="INSTRUCTION" missed="0" covered="7"/><counter type="LINE" missed="0" covered="1"/><counter type="COMPLEXITY" missed="0" covered="1"/><counter type="METHOD" missed="0" covered="1"/></method><method name="getKtax" desc="()Ljava/lang/String;" line="109"><counter type="INSTRUCTION" missed="0" covered="6"/><counter type="LINE" missed="0" covered="1"/><counter type="COMPLEXITY" missed="0" covered="1"/><counter type="METHOD" missed="0" covered="1"/></method><method name="setKtax" desc="(Ljava/lang/String;)V" line="110"><counter type="INSTRUCTION" missed="0" covered="7"/><counter type="LINE" missed="0" covered="1"/><counter type="COMPLEXITY" missed="0" covered="1"/><counter type="METHOD" missed="0" covered="1"/></method><method name="getPlBalance" desc="()Ljava/math/BigDecimal;" line="111"><counter type="INSTRUCTION" missed="0" covered="6"/><counter type="LINE" missed="0" covered="1"/><counter type="COMPLEXITY" missed="0" covered="1"/><counter type="METHOD" missed="0" covered="1"/></method><method name="setPlBalance" desc="(Ljava/math/BigDecimal;)V" line="112"><counter type="INSTRUCTION" missed="0" covered="7"/><counter type="LINE" missed="0" covered="1"/><counter type="COMPLEXITY" missed="0" covered="1"/><counter type="METHOD" missed="0" covered="1"/></method><method name="getPlCloseYm" desc="()I" line="113"><counter type="INSTRUCTION" missed="0" covered="6"/><counter type="LINE" missed="0" covered="1"/><counter type="COMPLEXITY" missed="0" covered="1"/><counter type="METHOD" missed="0" covered="1"/></method><method name="setPlCloseYm" desc="(I)V" line="114"><counter type="INSTRUCTION" missed="0" covered="7"/><counter type="LINE" missed="0" covered="1"/><counter type="COMPLEXITY" missed="0" covered="1"/><counter type="METHOD" missed="0" covered="1"/></method><method name="getPlCredit" desc="()Ljava/math/BigDecimal;" line="115"><counter type="INSTRUCTION" missed="0" covered="6"/><counter type="LINE" missed="0" covered="1"/><counter type="COMPLEXITY" missed="0" covered="1"/><counter type="METHOD" missed="0" covered="1"/></method><method name="setPlCredit" desc="(Ljava/math/BigDecimal;)V" line="116"><counter type="INSTRUCTION" missed="0" covered="7"/><counter type="LINE" missed="0" covered="1"/><counter type="COMPLEXITY" missed="0" covered="1"/><counter type="METHOD" missed="0" covered="1"/></method><method name="getPlDate" desc="()I" line="117"><counter type="INSTRUCTION" missed="0" covered="6"/><counter type="LINE" missed="0" covered="1"/><counter type="COMPLEXITY" missed="0" covered="1"/><counter type="METHOD" missed="0" covered="1"/></method><method name="setPlDate" desc="(I)V" line="118"><counter type="INSTRUCTION" missed="0" covered="7"/><counter type="LINE" missed="0" covered="1"/><counter type="COMPLEXITY" missed="0" covered="1"/><counter type="METHOD" missed="0" covered="1"/></method><method name="getPlDebit" desc="()Ljava/math/BigDecimal;" line="119"><counter type="INSTRUCTION" missed="0" covered="6"/><counter type="LINE" missed="0" covered="1"/><counter type="COMPLEXITY" missed="0" covered="1"/><counter type="METHOD" missed="0" covered="1"/></method><method name="setPlDebit" desc="(Ljava/math/BigDecimal;)V" line="120"><counter type="INSTRUCTION" missed="0" covered="7"/><counter type="LINE" missed="0" covered="1"/><counter type="COMPLEXITY" missed="0" covered="1"/><counter type="METHOD" missed="0" covered="1"/></method><method name="getPlKind" desc="()I" line="121"><counter type="INSTRUCTION" missed="0" covered="6"/><counter type="LINE" missed="0" covered="1"/><counter type="COMPLEXITY" missed="0" covered="1"/><counter type="METHOD" missed="0" covered="1"/></method><method name="setPlKind" desc="(I)V" line="122"><counter type="INSTRUCTION" missed="0" covered="7"/><counter type="LINE" missed="0" covered="1"/><counter type="COMPLEXITY" missed="0" covered="1"/><counter type="METHOD" missed="0" covered="1"/></method><method name="getPlRefNo" desc="()J" line="123"><counter type="INSTRUCTION" missed="0" covered="6"/><counter type="LINE" missed="0" covered="1"/><counter type="COMPLEXITY" missed="0" covered="1"/><counter type="METHOD" missed="0" covered="1"/></method><method name="setPlRefNo" desc="(J)V" line="124"><counter type="INSTRUCTION" missed="0" covered="7"/><counter type="LINE" missed="0" covered="1"/><counter type="COMPLEXITY" missed="0" covered="1"/><counter type="METHOD" missed="0" covered="1"/></method><method name="getPlRefType" desc="()I" line="125"><counter type="INSTRUCTION" missed="0" covered="6"/><counter type="LINE" missed="0" covered="1"/><counter type="COMPLEXITY" missed="0" covered="1"/><counter type="METHOD" missed="0" covered="1"/></method><method name="setPlRefType" desc="(I)V" line="126"><counter type="INSTRUCTION" missed="0" covered="7"/><counter type="LINE" missed="0" covered="1"/><counter type="COMPLEXITY" missed="0" covered="1"/><counter type="METHOD" missed="0" covered="1"/></method><method name="getPlRemark" desc="()Ljava/lang/String;" line="127"><counter type="INSTRUCTION" missed="0" covered="6"/><counter type="LINE" missed="0" covered="1"/><counter type="COMPLEXITY" missed="0" covered="1"/><counter type="METHOD" missed="0" covered="1"/></method><method name="setPlRemark" desc="(Ljava/lang/String;)V" line="128"><counter type="INSTRUCTION" missed="0" covered="7"/><counter type="LINE" missed="0" covered="1"/><counter type="COMPLEXITY" missed="0" covered="1"/><counter type="METHOD" missed="0" covered="1"/></method><method name="getPlSeq" desc="()J" line="129"><counter type="INSTRUCTION" missed="0" covered="6"/><counter type="LINE" missed="0" covered="1"/><counter type="COMPLEXITY" missed="0" covered="1"/><counter type="METHOD" missed="0" covered="1"/></method><method name="setPlSeq" desc="(J)V" line="130"><counter type="INSTRUCTION" missed="0" covered="7"/><counter type="LINE" missed="0" covered="1"/><counter type="COMPLEXITY" missed="0" covered="1"/><counter type="METHOD" missed="0" covered="1"/></method><method name="getPlSupp" desc="()I" line="131"><counter type="INSTRUCTION" missed="0" covered="6"/><counter type="LINE" missed="0" covered="1"/><counter type="COMPLEXITY" missed="0" covered="1"/><counter type="METHOD" missed="0" covered="1"/></method><method name="setPlSupp" desc="(I)V" line="132"><counter type="INSTRUCTION" missed="0" covered="7"/><counter type="LINE" missed="0" covered="1"/><counter type="COMPLEXITY" missed="0" covered="1"/><counter type="METHOD" missed="0" covered="1"/></method><method name="getPlUser" desc="()I" line="133"><counter type="INSTRUCTION" missed="0" covered="6"/><counter type="LINE" missed="0" covered="1"/><counter type="COMPLEXITY" missed="0" covered="1"/><counter type="METHOD" missed="0" covered="1"/></method><method name="setPlUser" desc="(I)V" line="134"><counter type="INSTRUCTION" missed="0" covered="7"/><counter type="LINE" missed="0" covered="1"/><counter type="COMPLEXITY" missed="0" covered="1"/><counter type="METHOD" missed="0" covered="1"/></method><method name="getPrCode" desc="()I" line="135"><counter type="INSTRUCTION" missed="0" covered="6"/><counter type="LINE" missed="0" covered="1"/><counter type="COMPLEXITY" missed="0" covered="1"/><counter type="METHOD" missed="0" covered="1"/></method><method name="setPrCode" desc="(I)V" line="136"><counter type="INSTRUCTION" missed="0" covered="7"/><counter type="LINE" missed="0" covered="1"/><counter type="COMPLEXITY" missed="0" covered="1"/><counter type="METHOD" missed="0" covered="1"/></method><method name="getPrDelFlag" desc="()I" line="137"><counter type="INSTRUCTION" missed="0" covered="6"/><counter type="LINE" missed="0" covered="1"/><counter type="COMPLEXITY" missed="0" covered="1"/><counter type="METHOD" missed="0" covered="1"/></method><method name="setPrDelFlag" desc="(I)V" line="138"><counter type="INSTRUCTION" missed="0" covered="7"/><counter type="LINE" missed="0" covered="1"/><counter type="COMPLEXITY" missed="0" covered="1"/><counter type="METHOD" missed="0" covered="1"/></method><method name="getPrDfltWhse" desc="()I" line="139"><counter type="INSTRUCTION" missed="0" covered="6"/><counter type="LINE" missed="0" covered="1"/><counter type="COMPLEXITY" missed="0" covered="1"/><counter type="METHOD" missed="0" covered="1"/></method><method name="setPrDfltWhse" desc="(I)V" line="140"><counter type="INSTRUCTION" missed="0" covered="7"/><counter type="LINE" missed="0" covered="1"/><counter type="COMPLEXITY" missed="0" covered="1"/><counter type="METHOD" missed="0" covered="1"/></method><method name="getPrLastCost" desc="()Ljava/math/BigDecimal;" line="141"><counter type="INSTRUCTION" missed="0" covered="6"/><counter type="LINE" missed="0" covered="1"/><counter type="COMPLEXITY" missed="0" covered="1"/><counter type="METHOD" missed="0" covered="1"/></method><method name="setPrLastCost" desc="(Ljava/math/BigDecimal;)V" line="142"><counter type="INSTRUCTION" missed="0" covered="7"/><counter type="LINE" missed="0" covered="1"/><counter type="COMPLEXITY" missed="0" covered="1"/><counter type="METHOD" missed="0" covered="1"/></method><method name="getPrName" desc="()Ljava/lang/String;" line="143"><counter type="INSTRUCTION" missed="0" covered="6"/><counter type="LINE" missed="0" covered="1"/><counter type="COMPLEXITY" missed="0" covered="1"/><counter type="METHOD" missed="0" covered="1"/></method><method name="setPrName" desc="(Ljava/lang/String;)V" line="144"><counter type="INSTRUCTION" missed="0" covered="7"/><counter type="LINE" missed="0" covered="1"/><counter type="COMPLEXITY" missed="0" covered="1"/><counter type="METHOD" missed="0" covered="1"/></method><method name="getPrStdCost" desc="()Ljava/math/BigDecimal;" line="145"><counter type="INSTRUCTION" missed="0" covered="6"/><counter type="LINE" missed="0" covered="1"/><counter type="COMPLEXITY" missed="0" covered="1"/><counter type="METHOD" missed="0" covered="1"/></method><method name="setPrStdCost" desc="(Ljava/math/BigDecimal;)V" line="146"><counter type="INSTRUCTION" missed="0" covered="7"/><counter type="LINE" missed="0" covered="1"/><counter type="COMPLEXITY" missed="0" covered="1"/><counter type="METHOD" missed="0" covered="1"/></method><method name="getPrStockMng" desc="()I" line="147"><counter type="INSTRUCTION" missed="0" covered="6"/><counter type="LINE" missed="0" covered="1"/><counter type="COMPLEXITY" missed="0" covered="1"/><counter type="METHOD" missed="0" covered="1"/></method><method name="setPrStockMng" desc="(I)V" line="148"><counter type="INSTRUCTION" missed="0" covered="7"/><counter type="LINE" missed="0" covered="1"/><counter type="COMPLEXITY" missed="0" covered="1"/><counter type="METHOD" missed="0" covered="1"/></method><method name="getPrTaxCategory" desc="()I" line="149"><counter type="INSTRUCTION" missed="0" covered="6"/><counter type="LINE" missed="0" covered="1"/><counter type="COMPLEXITY" missed="0" covered="1"/><counter type="METHOD" missed="0" covered="1"/></method><method name="setPrTaxCategory" desc="(I)V" line="150"><counter type="INSTRUCTION" missed="0" covered="7"/><counter type="LINE" missed="0" covered="1"/><counter type="COMPLEXITY" missed="0" covered="1"/><counter type="METHOD" missed="0" covered="1"/></method><method name="getSkAvgCost" desc="()Ljava/math/BigDecimal;" line="151"><counter type="INSTRUCTION" missed="0" covered="6"/><counter type="LINE" missed="0" covered="1"/><counter type="COMPLEXITY" missed="0" covered="1"/><counter type="METHOD" missed="0" covered="1"/></method><method name="setSkAvgCost" desc="(Ljava/math/BigDecimal;)V" line="152"><counter type="INSTRUCTION" missed="0" covered="7"/><counter type="LINE" missed="0" covered="1"/><counter type="COMPLEXITY" missed="0" covered="1"/><counter type="METHOD" missed="0" covered="1"/></method><method name="getSkLastOutDate" desc="()I" line="153"><counter type="INSTRUCTION" missed="0" covered="6"/><counter type="LINE" missed="0" covered="1"/><counter type="COMPLEXITY" missed="0" covered="1"/><counter type="METHOD" missed="0" covered="1"/></method><method name="setSkLastOutDate" desc="(I)V" line="154"><counter type="INSTRUCTION" missed="0" covered="7"/><counter type="LINE" missed="0" covered="1"/><counter type="COMPLEXITY" missed="0" covered="1"/><counter type="METHOD" missed="0" covered="1"/></method><method name="getSkOnhand" desc="()Ljava/math/BigDecimal;" line="155"><counter type="INSTRUCTION" missed="0" covered="6"/><counter type="LINE" missed="0" covered="1"/><counter type="COMPLEXITY" missed="0" covered="1"/><counter type="METHOD" missed="0" covered="1"/></method><method name="setSkOnhand" desc="(Ljava/math/BigDecimal;)V" line="156"><counter type="INSTRUCTION" missed="0" covered="7"/><counter type="LINE" missed="0" covered="1"/><counter type="COMPLEXITY" missed="0" covered="1"/><counter type="METHOD" missed="0" covered="1"/></method><method name="getSkProd" desc="()I" line="157"><counter type="INSTRUCTION" missed="0" covered="6"/><counter type="LINE" missed="0" covered="1"/><counter type="COMPLEXITY" missed="0" covered="1"/><counter type="METHOD" missed="0" covered="1"/></method><method name="setSkProd" desc="(I)V" line="158"><counter type="INSTRUCTION" missed="0" covered="7"/><counter type="LINE" missed="0" covered="1"/><counter type="COMPLEXITY" missed="0" covered="1"/><counter type="METHOD" missed="0" covered="1"/></method><method name="getSkWhse" desc="()I" line="159"><counter type="INSTRUCTION" missed="0" covered="6"/><counter type="LINE" missed="0" covered="1"/><counter type="COMPLEXITY" missed="0" covered="1"/><counter type="METHOD" missed="0" covered="1"/></method><method name="setSkWhse" desc="(I)V" line="160"><counter type="INSTRUCTION" missed="0" covered="7"/><counter type="LINE" missed="0" covered="1"/><counter type="COMPLEXITY" missed="0" covered="1"/><counter type="METHOD" missed="0" covered="1"/></method><method name="getSkYtdOut" desc="()Ljava/math/BigDecimal;" line="161"><counter type="INSTRUCTION" missed="0" covered="6"/><counter type="LINE" missed="0" covered="1"/><counter type="COMPLEXITY" missed="0" covered="1"/><counter type="METHOD" missed="0" covered="1"/></method><method name="setSkYtdOut" desc="(Ljava/math/BigDecimal;)V" line="162"><counter type="INSTRUCTION" missed="0" covered="7"/><counter type="LINE" missed="0" covered="1"/><counter type="COMPLEXITY" missed="0" covered="1"/><counter type="METHOD" missed="0" covered="1"/></method><method name="getSmBalAfter" desc="()Ljava/math/BigDecimal;" line="163"><counter type="INSTRUCTION" missed="0" covered="6"/><counter type="LINE" missed="0" covered="1"/><counter type="COMPLEXITY" missed="0" covered="1"/><counter type="METHOD" missed="0" covered="1"/></method><method name="setSmBalAfter" desc="(Ljava/math/BigDecimal;)V" line="164"><counter type="INSTRUCTION" missed="0" covered="7"/><counter type="LINE" missed="0" covered="1"/><counter type="COMPLEXITY" missed="0" covered="1"/><counter type="METHOD" missed="0" covered="1"/></method><method name="getSmDate" desc="()I" line="165"><counter type="INSTRUCTION" missed="0" covered="6"/><counter type="LINE" missed="0" covered="1"/><counter type="COMPLEXITY" missed="0" covered="1"/><counter type="METHOD" missed="0" covered="1"/></method><method name="setSmDate" desc="(I)V" line="166"><counter type="INSTRUCTION" missed="0" covered="7"/><counter type="LINE" missed="0" covered="1"/><counter type="COMPLEXITY" missed="0" covered="1"/><counter type="METHOD" missed="0" covered="1"/></method><method name="getSmKind" desc="()I" line="167"><counter type="INSTRUCTION" missed="0" covered="6"/><counter type="LINE" missed="0" covered="1"/><counter type="COMPLEXITY" missed="0" covered="1"/><counter type="METHOD" missed="0" covered="1"/></method><method name="setSmKind" desc="(I)V" line="168"><counter type="INSTRUCTION" missed="0" covered="7"/><counter type="LINE" missed="0" covered="1"/><counter type="COMPLEXITY" missed="0" covered="1"/><counter type="METHOD" missed="0" covered="1"/></method><method name="getSmProd" desc="()I" line="169"><counter type="INSTRUCTION" missed="0" covered="6"/><counter type="LINE" missed="0" covered="1"/><counter type="COMPLEXITY" missed="0" covered="1"/><counter type="METHOD" missed="0" covered="1"/></method><method name="setSmProd" desc="(I)V" line="170"><counter type="INSTRUCTION" missed="0" covered="7"/><counter type="LINE" missed="0" covered="1"/><counter type="COMPLEXITY" missed="0" covered="1"/><counter type="METHOD" missed="0" covered="1"/></method><method name="getSmQty" desc="()Ljava/math/BigDecimal;" line="171"><counter type="INSTRUCTION" missed="0" covered="6"/><counter type="LINE" missed="0" covered="1"/><counter type="COMPLEXITY" missed="0" covered="1"/><counter type="METHOD" missed="0" covered="1"/></method><method name="setSmQty" desc="(Ljava/math/BigDecimal;)V" line="172"><counter type="INSTRUCTION" missed="0" covered="7"/><counter type="LINE" missed="0" covered="1"/><counter type="COMPLEXITY" missed="0" covered="1"/><counter type="METHOD" missed="0" covered="1"/></method><method name="getSmRefNo" desc="()J" line="173"><counter type="INSTRUCTION" missed="0" covered="6"/><counter type="LINE" missed="0" covered="1"/><counter type="COMPLEXITY" missed="0" covered="1"/><counter type="METHOD" missed="0" covered="1"/></method><method name="setSmRefNo" desc="(J)V" line="174"><counter type="INSTRUCTION" missed="0" covered="7"/><counter type="LINE" missed="0" covered="1"/><counter type="COMPLEXITY" missed="0" covered="1"/><counter type="METHOD" missed="0" covered="1"/></method><method name="getSmRefType" desc="()I" line="175"><counter type="INSTRUCTION" missed="0" covered="6"/><counter type="LINE" missed="0" covered="1"/><counter type="COMPLEXITY" missed="0" covered="1"/><counter type="METHOD" missed="0" covered="1"/></method><method name="setSmRefType" desc="(I)V" line="176"><counter type="INSTRUCTION" missed="0" covered="7"/><counter type="LINE" missed="0" covered="1"/><counter type="COMPLEXITY" missed="0" covered="1"/><counter type="METHOD" missed="0" covered="1"/></method><method name="getSmSeq" desc="()J" line="177"><counter type="INSTRUCTION" missed="0" covered="6"/><counter type="LINE" missed="0" covered="1"/><counter type="COMPLEXITY" missed="0" covered="1"/><counter type="METHOD" missed="0" covered="1"/></method><method name="setSmSeq" desc="(J)V" line="178"><counter type="INSTRUCTION" missed="0" covered="7"/><counter type="LINE" missed="0" covered="1"/><counter type="COMPLEXITY" missed="0" covered="1"/><counter type="METHOD" missed="0" covered="1"/></method><method name="getSmUnitCost" desc="()Ljava/math/BigDecimal;" line="179"><counter type="INSTRUCTION" missed="0" covered="6"/><counter type="LINE" missed="0" covered="1"/><counter type="COMPLEXITY" missed="0" covered="1"/><counter type="METHOD" missed="0" covered="1"/></method><method name="setSmUnitCost" desc="(Ljava/math/BigDecimal;)V" line="180"><counter type="INSTRUCTION" missed="0" covered="7"/><counter type="LINE" missed="0" covered="1"/><counter type="COMPLEXITY" missed="0" covered="1"/><counter type="METHOD" missed="0" covered
[...]
vered="1"/></method><method name="setWkTaxTotal" desc="(J)V" line="294"><counter type="INSTRUCTION" missed="0" covered="7"/><counter type="LINE" missed="0" covered="1"/><counter type="COMPLEXITY" missed="0" covered="1"/><counter type="METHOD" missed="0" covered="1"/></method><method name="getWkTitle" desc="()Ljava/lang/String;" line="295"><counter type="INSTRUCTION" missed="0" covered="6"/><counter type="LINE" missed="0" covered="1"/><counter type="COMPLEXITY" missed="0" covered="1"/><counter type="METHOD" missed="0" covered="1"/></method><method name="setWkTitle" desc="(Ljava/lang/String;)V" line="296"><counter type="INSTRUCTION" missed="0" covered="7"/><counter type="LINE" missed="0" covered="1"/><counter type="COMPLEXITY" missed="0" covered="1"/><counter type="METHOD" missed="0" covered="1"/></method><method name="getWkUserCode" desc="()I" line="297"><counter type="INSTRUCTION" missed="0" covered="6"/><counter type="LINE" missed="0" covered="1"/><counter type="COMPLEXITY" missed="0" covered="1"/><counter type="METHOD" missed="0" covered="1"/></method><method name="setWkUserCode" desc="(I)V" line="298"><counter type="INSTRUCTION" missed="0" covered="7"/><counter type="LINE" missed="0" covered="1"/><counter type="COMPLEXITY" missed="0" covered="1"/><counter type="METHOD" missed="0" covered="1"/></method><method name="getWkVhNoD" desc="()J" line="299"><counter type="INSTRUCTION" missed="0" covered="6"/><counter type="LINE" missed="0" covered="1"/><counter type="COMPLEXITY" missed="0" covered="1"/><counter type="METHOD" missed="0" covered="1"/></method><method name="setWkVhNoD" desc="(J)V" line="300"><counter type="INSTRUCTION" missed="0" covered="7"/><counter type="LINE" missed="0" covered="1"/><counter type="COMPLEXITY" missed="0" covered="1"/><counter type="METHOD" missed="0" covered="1"/></method><method name="getWlAmount" desc="(I)J" line="301"><counter type="INSTRUCTION" missed="0" covered="10"/><counter type="LINE" missed="0" covered="1"/><counter type="COMPLEXITY" missed="0" covered="1"/><counter type="METHOD" missed="0" covered="1"/></method><method name="setWlAmount" desc="(IJ)V" line="302"><counter type="INSTRUCTION" missed="0" covered="11"/><counter type="LINE" missed="0" covered="1"/><counter type="COMPLEXITY" missed="0" covered="1"/><counter type="METHOD" missed="0" covered="1"/></method><method name="getWlCost" desc="(I)Ljava/math/BigDecimal;" line="303"><counter type="INSTRUCTION" missed="0" covered="10"/><counter type="LINE" missed="0" covered="1"/><counter type="COMPLEXITY" missed="0" covered="1"/><counter type="METHOD" missed="0" covered="1"/></method><method name="setWlCost" desc="(ILjava/math/BigDecimal;)V" line="304"><counter type="INSTRUCTION" missed="0" covered="11"/><counter type="LINE" missed="0" covered="1"/><counter type="COMPLEXITY" missed="0" covered="1"/><counter type="METHOD" missed="0" covered="1"/></method><method name="getWlProd" desc="(I)I" line="305"><counter type="INSTRUCTION" missed="0" covered="10"/><counter type="LINE" missed="0" covered="1"/><counter type="COMPLEXITY" missed="0" covered="1"/><counter type="METHOD" missed="0" covered="1"/></method><method name="setWlProd" desc="(II)V" line="306"><counter type="INSTRUCTION" missed="0" covered="11"/><counter type="LINE" missed="0" covered="1"/><counter type="COMPLEXITY" missed="0" covered="1"/><counter type="METHOD" missed="0" covered="1"/></method><method name="getWlQty" desc="(I)I" line="307"><counter type="INSTRUCTION" missed="0" covered="10"/><counter type="LINE" missed="0" covered="1"/><counter type="COMPLEXITY" missed="0" covered="1"/><counter type="METHOD" missed="0" covered="1"/></method><method name="setWlQty" desc="(II)V" line="308"><counter type="INSTRUCTION" missed="0" covered="11"/><counter type="LINE" missed="0" covered="1"/><counter type="COMPLEXITY" missed="0" covered="1"/><counter type="METHOD" missed="0" covered="1"/></method><method name="getWlStkmng" desc="(I)I" line="309"><counter type="INSTRUCTION" missed="0" covered="10"/><counter type="LINE" missed="0" covered="1"/><counter type="COMPLEXITY" missed="0" covered="1"/><counter type="METHOD" missed="0" covered="1"/></method><method name="setWlStkmng" desc="(II)V" line="310"><counter type="INSTRUCTION" missed="0" covered="11"/><counter type="LINE" missed="0" covered="1"/><counter type="COMPLEXITY" missed="0" covered="1"/><counter type="METHOD" missed="0" covered="1"/></method><method name="getWlTaxcat" desc="(I)I" line="311"><counter type="INSTRUCTION" missed="0" covered="10"/><counter type="LINE" missed="0" covered="1"/><counter type="COMPLEXITY" missed="0" covered="1"/><counter type="METHOD" missed="0" covered="1"/></method><method name="setWlTaxcat" desc="(II)V" line="312"><counter type="INSTRUCTION" missed="0" covered="11"/><counter type="LINE" missed="0" covered="1"/><counter type="COMPLEXITY" missed="0" covered="1"/><counter type="METHOD" missed="0" covered="1"/></method><method name="getWlWhse" desc="(I)I" line="313"><counter type="INSTRUCTION" missed="0" covered="10"/><counter type="LINE" missed="0" covered="1"/><counter type="COMPLEXITY" missed="0" covered="1"/><counter type="METHOD" missed="0" covered="1"/></method><method name="setWlWhse" desc="(II)V" line="314"><counter type="INSTRUCTION" missed="0" covered="11"/><counter type="LINE" missed="0" covered="1"/><counter type="COMPLEXITY" missed="0" covered="1"/><counter type="METHOD" missed="0" covered="1"/></method><method name="getLx" desc="()I" line="317"><counter type="INSTRUCTION" missed="0" covered="6"/><counter type="LINE" missed="0" covered="1"/><counter type="COMPLEXITY" missed="0" covered="1"/><counter type="METHOD" missed="0" covered="1"/></method><method name="setLx" desc="(I)V" line="318"><counter type="INSTRUCTION" missed="0" covered="7"/><counter type="LINE" missed="0" covered="1"/><counter type="COMPLEXITY" missed="0" covered="1"/><counter type="METHOD" missed="0" covered="1"/></method><counter type="INSTRUCTION" missed="0" covered="1916"/><counter type="BRANCH" missed="14" covered="16"/><counter type="LINE" missed="0" covered="292"/><counter type="COMPLEXITY" missed="14" covered="276"/><counter type="METHOD" missed="0" covered="275"/><counter type="CLASS" missed="0" covered="1"/></class><sourcefile name="Pu0040FieldAccess.java"><line nr="15" mi="0" ci="2" mb="0" cb="0"/><line nr="16" mi="0" ci="2" mb="0" cb="2"/><line nr="17" mi="0" ci="4" mb="0" cb="0"/><line nr="19" mi="0" ci="5" mb="2" cb="2"/><line nr="20" mi="0" ci="5" mb="0" cb="0"/><line nr="22" mi="0" ci="5" mb="2" cb="2"/><line nr="23" mi="0" ci="5" mb="0" cb="0"/><line nr="25" mi="0" ci="5" mb="2" cb="2"/><line nr="26" mi="0" ci="5" mb="0" cb="0"/><line nr="28" mi="0" ci="5" mb="2" cb="2"/><line nr="29" mi="0" ci="5" mb="0" cb="0"/><line nr="31" mi="0" ci="5" mb="2" cb="2"/><line nr="32" mi="0" ci="5" mb="0" cb="0"/><line nr="34" mi="0" ci="5" mb="2" cb="2"/><line nr="35" mi="0" ci="5" mb="0" cb="0"/><line nr="37" mi="0" ci="5" mb="2" cb="2"/><line nr="38" mi="0" ci="5" mb="0" cb="0"/><line nr="40" mi="0" ci="1" mb="0" cb="0"/><line nr="43" mi="0" ci="6" mb="0" cb="0"/><line nr="44" mi="0" ci="7" mb="0" cb="0"/><line nr="45" mi="0" ci="6" mb="0" cb="0"/><line nr="46" mi="0" ci="7" mb="0" cb="0"/><line nr="47" mi="0" ci="6" mb="0" cb="0"/><line nr="48" mi="0" ci="7" mb="0" cb="0"/><line nr="49" mi="0" ci="6" mb="0" cb="0"/><line nr="50" mi="0" ci="7" mb="0" cb="0"/><line nr="51" mi="0" ci="6" mb="0" cb="0"/><line nr="52" mi="0" ci="7" mb="0" cb="0"/><line nr="53" mi="0" ci="6" mb="0" cb="0"/><line nr="54" mi="0" ci="7" mb="0" cb="0"/><line nr="55" mi="0" ci="6" mb="0" cb="0"/><line nr="56" mi="0" ci="7" mb="0" cb="0"/><line nr="57" mi="0" ci="6" mb="0" cb="0"/><line nr="58" mi="0" ci="7" mb="0" cb="0"/><line nr="59" mi="0" ci="6" mb="0" cb="0"/><line nr="60" mi="0" ci="7" mb="0" cb="0"/><line nr="61" mi="0" ci="6" mb="0" cb="0"/><line nr="62" mi="0" ci="7" mb="0" cb="0"/><line nr="63" mi="0" ci="6" mb="0" cb="0"/><line nr="64" mi="0" ci="7" mb="0" cb="0"/><line nr="65" mi="0" ci="6" mb="0" cb="0"/><line nr="66" mi="0" ci="7" mb="0" cb="0"/><line nr="67" mi="0" ci="6" mb="0" cb="0"/><line nr="68" mi="0" ci="7" mb="0" cb="0"/><line nr="69" mi="0" ci="6" mb="0" cb="0"/><line nr="70" mi="0" ci="7" mb="0" cb="0"/><line nr="71" mi="0" ci="6" mb="0" cb="0"/><line nr="72" mi="0" ci="7" mb="0" cb="0"/><line nr="73" mi="0" ci="6" mb="0" cb="0"/><line nr="74" mi="0" ci="7" mb="0" cb="0"/><line nr="75" mi="0" ci="6" mb="0" cb="0"/><line nr="76" mi="0" ci="7" mb="0" cb="0"/><line nr="77" mi="0" ci="6" mb="0" cb="0"/><line nr="78" mi="0" ci="7" mb="0" cb="0"/><line nr="79" mi="0" ci="6" mb="0" cb="0"/><line nr="80" mi="0" ci="7" mb="0" cb="0"/><line nr="81" mi="0" ci="6" mb="0" cb="0"/><line nr="82" mi="0" ci="7" mb="0" cb="0"/><line nr="83" mi="0" ci="6" mb="0" cb="0"/><line nr="84" mi="0" ci="7" mb="0" cb="0"/><line nr="85" mi="0" ci="6" mb="0" cb="0"/><line nr="86" mi="0" ci="7" mb="0" cb="0"/><line nr="87" mi="0" ci="6" mb="0" cb="0"/><line nr="88" mi="0" ci="7" mb="0" cb="0"/><line nr="89" mi="0" ci="6" mb="0" cb="0"/><line nr="90" mi="0" ci="7" mb="0" cb="0"/><line nr="91" mi="0" ci="6" mb="0" cb="0"/><line nr="92" mi="0" ci="7" mb="0" cb="0"/><line nr="93" mi="0" ci="6" mb="0" cb="0"/><line nr="94" mi="0" ci="7" mb="0" cb="0"/><line nr="95" mi="0" ci="6" mb="0" cb="0"/><line nr="96" mi="0" ci="7" mb="0" cb="0"/><line nr="97" mi="0" ci="6" mb="0" cb="0"/><line nr="98" mi="0" ci="7" mb="0" cb="0"/><line nr="99" mi="0" ci="6" mb="0" cb="0"/><line nr="100" mi="0" ci="7" mb="0" cb="0"/><line nr="101" mi="0" ci="6" mb="0" cb="0"/><line nr="102" mi="0" ci="7" mb="0" cb="0"/><line nr="103" mi="0" ci="6" mb="0" cb="0"/><line nr="104" mi="0" ci="7" mb="0" cb="0"/><line nr="105" mi="0" ci="6" mb="0" cb="0"/><line nr="106" mi="0" ci="7" mb="0" cb="0"/><line nr="107" mi="0" ci="6" mb="0" cb="0"/><line nr="108" mi="0" ci="7" mb="0" cb="0"/><line nr="109" mi="0" ci="6" mb="0" cb="0"/><line nr="110" mi="0" ci="7" mb="0" cb="0"/><line nr="111" mi="0" ci="6" mb="0" cb="0"/><line nr="112" mi="0" ci="7" mb="0" cb="0"/><line nr="113" mi="0" ci="6" mb="0" cb="0"/><line nr="114" mi="0" ci="7" mb="0" cb="0"/><line nr="115" mi="0" ci="6" mb="0" cb="0"/><line nr="116" mi="0" ci="7" mb="0" cb="0"/><line nr="117" mi="0" ci="6" mb="0" cb="0"/><line nr="118" mi="0" ci="7" mb="0" cb="0"/><line nr="119" mi="0" ci="6" mb="0" cb="0"/><line nr="120" mi="0" ci="7" mb="0" cb="0"/><line nr="121" mi="0" ci="6" mb="0" cb="0"/><line nr="122" mi="0" ci="7" mb="0" cb="0"/><line nr="123" mi="0" ci="6" mb="0" cb="0"/><line nr="124" mi="0" ci="7" mb="0" cb="0"/><line nr="125" mi="0" ci="6" mb="0" cb="0"/><line nr="126" mi="0" ci="7" mb="0" cb="0"/><line nr="127" mi="0" ci="6" mb="0" cb="0"/><line nr="128" mi="0" ci="7" mb="0" cb="0"/><line nr="129" mi="0" ci="6" mb="0" cb="0"/><line nr="130" mi="0" ci="7" mb="0" cb="0"/><line nr="131" mi="0" ci="6" mb="0" cb="0"/><line nr="132" mi="0" ci="7" mb="0" cb="0"/><line nr="133" mi="0" ci="6" mb="0" cb="0"/><line nr="134" mi="0" ci="7" mb="0" cb="0"/><line nr="135" mi="0" ci="6" mb="0" cb="0"/><line nr="136" mi="0" ci="7" mb="0" cb="0"/><line nr="137" mi="0" ci="6" mb="0" cb="0"/><line nr="138" mi="0" ci="7" mb="0" cb="0"/><line nr="139" mi="0" ci="6" mb="0" cb="0"/><line nr="140" mi="0" ci="7" mb="0" cb="0"/><line nr="141" mi="0" ci="6" mb="0" cb="0"/><line nr="142" mi="0" ci="7" mb="0" cb="0"/><line nr="143" mi="0" ci="6" mb="0" cb="0"/><line nr="144" mi="0" ci="7" mb="0" cb="0"/><line nr="145" mi="0" ci="6" mb="0" cb="0"/><line nr="146" mi="0" ci="7" mb="0" cb="0"/><line nr="147" mi="0" ci="6" mb="0" cb="0"/><line nr="148" mi="0" ci="7" mb="0" cb="0"/><line nr="149" mi="0" ci="6" mb="0" cb="0"/><line nr="150" mi="0" ci="7" mb="0" cb="0"/><line nr="151" mi="0" ci="6" mb="0" cb="0"/><line nr="152" mi="0" ci="7" mb="0" cb="0"/><line nr="153" mi="0" ci="6" mb="0" cb="0"/><line nr="154" mi="0" ci="7" mb="0" cb="0"/><line nr="155" mi="0" ci="6" mb="0" cb="0"/><line nr="156" mi="0" ci="7" mb="0" cb="0"/><line nr="157" mi="0" ci="6" mb="0" cb="0"/><line nr="158" mi="0" ci="7" mb="0" cb="0"/><line nr="159" mi="0" ci="6" mb="0" cb="0"/><line nr="160" mi="0" ci="7" mb="0" cb="0"/><line nr="161" mi="0" ci="6" mb="0" cb="0"/><line nr="162" mi="0" ci="7" mb="0" cb="0"/><line nr="163" mi="0" ci="6" mb="0" cb="0"/><line nr="164" mi="0" ci="7" mb="0" cb="0"/><line nr="165" mi="0" ci="6" mb="0" cb="0"/><line nr="166" mi="0" ci="7" mb="0" cb="0"/><line nr="167" mi="0" ci="6" mb="0" cb="0"/><line nr="168" mi="0" ci="7" mb="0" cb="0"/><line nr="169" mi="0" ci="6" mb="0" cb="0"/><line nr="170" mi="0" ci="7" mb="0" cb="0"/><line nr="171" mi="0" ci="6" mb="0" cb="0"/><line nr="172" mi="0" ci="7" mb="0" cb="0"/><line nr="173" mi="0" ci="6" mb="0" cb="0"/><line nr="174" mi="0" ci="7" mb="0" cb="0"/><line nr="175" mi="0" ci="6" mb="0" cb="0"/><line nr="176" mi="0" ci="7" mb="0" cb="0"/><line nr="177" mi="0" ci="6" mb="0" cb="0"/><line nr="178" mi="0" ci="7" mb="0" cb="0"/><line nr="179" mi="0" ci="6" mb="0" cb="0"/><line nr="180" mi="0" ci="7" mb="0" cb="0"/><line nr="181" mi="0" ci="6" mb="0" cb="0"/><line nr="182" mi="0" ci="7" mb="0" cb="0"/><line nr="183" mi="0" ci="6" mb="0" cb="0"/><line nr="184" mi="0" ci="7" mb="0" cb="0"/><line nr="185" mi="0" ci="6" mb="0" cb="0"/><line nr="186" mi="0" ci="7" mb="0" cb="0"/><line nr="187" mi="0" ci="6" mb="0" cb="0"/><line nr="188" mi="0" ci="7" mb="0" cb="0"/><line nr="189" mi="0" ci="6" mb="0" cb="0"/><line nr="190" mi="0" ci="7" mb="0" cb="0"/><line nr="191" mi="0" ci="6" mb="0" cb="0"/><line nr="192" mi="0" ci="7" mb="0" cb="0"/><line nr="193" mi="0" ci="6" mb="0" cb="0"/><line nr="194" mi="0" ci="7" mb="0" cb="0"/><line nr="195" mi="0" ci="6" mb="0" cb="0"/><line nr="196" mi="0" ci="7" mb="0" cb="0"/><line nr="197" mi="0" ci="6" mb="0" cb="0"/><line nr="198" mi="0" ci="7" mb="0" cb="0"/><line nr="199" mi="0" ci="6" mb="0" cb="0"/><line nr="200" mi="0" ci="7" mb="0" cb="0"/><line nr="201" mi="0" ci="6" mb="0" cb="0"/><line nr="202" mi="0" ci="7" mb="0" cb="0"/><line nr="203" mi="0" ci="6" mb="0" cb="0"/><line nr="204" mi="0" ci="7" mb="0" cb="0"/><line nr="205" mi="0" ci="6" mb="0" cb="0"/><line nr="206" mi="0" ci="7" mb="0" cb="0"/><line nr="207" mi="0" ci="6" mb="0" cb="0"/><line nr="208" mi="0" ci="7" mb="0" cb="0"/><line nr="209" mi="0" ci="6" mb="0" cb="0"/><line nr="210" mi="0" ci="7" mb="0" cb="0"/><line nr="211" mi="0" ci="6" mb="0" cb="0"/><line nr="212" mi="0" ci="7" mb="0" cb="0"/><line nr="213" mi="0" ci="6" mb="0" cb="0"/><line nr="214" mi="0" ci="7" mb="0" cb="0"/><line nr="215" mi="0" ci="6" mb="0" cb="0"/><line nr="216" mi="0" ci="7" mb="0" cb="0"/><line nr="217" mi="0" ci="6" mb="0" cb="0"/><line nr="218" mi="0" ci="7" mb="0" cb="0"/><line nr="219" mi="0" ci="6" mb="0" cb="0"/><line nr="220" mi="0" ci="7" mb="0" cb="0"/><line nr="221" mi="0" ci="6" mb="0" cb="0"/><line nr="222" mi="0" ci="7" mb="0" cb="0"/><line nr="223" mi="0" ci="6" mb="0" cb="0"/><line nr="224" mi="0" ci="7" mb="0" cb="0"/><line nr="225" mi="0" ci="6" mb="0" cb="0"/><line nr="226" mi="0" ci="7" mb="0" cb="0"/><line nr="227" mi="0" ci="6" mb="0" cb="0"/><line nr="228" mi="0" ci="7" mb="0" cb="0"/><line nr="229" mi="0" ci="6" mb="0" cb="0"/><line nr="230" mi="0" ci="7" mb="0" cb="0"/><line nr="231" mi="0" ci="6" mb="0" cb="0"/><line nr="232" mi="0" ci="7" mb="0" cb="0"/><line nr="233" mi="0" ci="6" mb="0" cb="0"/><line nr="234" mi="0" ci="7" mb="0" cb="0"/><line nr="235" mi="0" ci="6" mb="0" cb="0"/><line nr="236" mi="0" ci="7" mb="0" cb="0"/><line nr="237" mi="0" ci="6" mb="0" cb="0"/><line nr="238" mi="0" ci="7" mb="0" cb="0"/><line nr="239" mi="0" ci="6" mb="0" cb="0"/><line nr="240" mi="0" ci="7" mb="0" cb="0"/><line nr="241" mi="0" ci="6" mb="0" cb="0"/><line nr="242" mi="0" ci="7" mb="0" cb="0"/><line nr="243" mi="0" ci="6" mb="0" cb="0"/><line nr="244" mi="0" ci="7" mb="0" cb="0"/><line nr="245" mi="0" ci="6" mb="0" cb="0"/><line nr="246" mi="0" ci="7" mb="0" cb="0"/><line nr="247" mi="0" ci="6" mb="0" cb="0"/><line nr="248" mi="0" ci="7" mb="0" cb="0"/><line nr="249" mi="0" ci="6" mb="0" cb="0"/><line nr="250" mi="0" ci="7" mb="0" cb="0"/><line nr="251" mi="0" ci="6" mb="0" cb="0"/><line nr="252" mi="0" ci="7" mb="0" cb="0"/><line nr="253" mi="0" ci="6" mb="0" cb="0"/><line nr="254" mi="0" ci="7" mb="0" cb="0"/><line nr="255" mi="0" ci="6" mb="0" cb="0"/><line nr="256" mi="0" ci="7" mb="0" cb="0"/><line nr="257" mi="0" ci="6" mb="0" cb="0"/><line nr="258" mi="0" ci="7" mb="0" cb="0"/><line nr="259" mi="0" ci="6" mb="0" cb="0"/><line nr="260" mi="0" ci="7" mb="0" cb="0"/><line nr="261" mi="0" ci="6" mb="0" cb="0"/><line nr="262" mi="0" ci="7" mb="0" cb="0"/><line nr="263" mi="0" ci="6" mb="0" cb="0"/><line nr="264" mi="0" ci="7" mb="0" cb="0"/><line nr="265" mi="0" ci="6" mb="0" cb="0"/><line nr="266" mi="0" ci="7" mb="0" cb="0"/><line nr="267" mi="0" ci="6" mb="0" cb="0"/><line nr="268" mi="0" ci="7" mb="0" cb="0"/><line nr="269" mi="0" ci="6" mb="0" cb="0"/><line nr="270" mi="0" ci="7" mb="0" cb="0"/><line nr="271" mi="0" ci="6" mb="0" cb="0"/><line nr="272" mi="0" ci="7" mb="0" cb="0"/><line nr="273" mi="0" ci="6" mb="0" cb="0"/><line nr="274" mi="0" ci="7" mb="0" cb="0"/><line nr="275" mi="0" ci="6" mb="0" cb="0"/><line nr="276" mi="0" ci="7" mb="0" cb="0"/><line nr="277" mi="0" ci="6" mb="0" cb="0"/><line nr="278" mi="0" ci="7" mb="0" cb="0"/><line nr="279" mi="0" ci="6" mb="0" cb="0"/><line nr="280" mi="0" ci="7" mb="0" cb="0"/><line nr="281" mi="0" ci="6" mb="0" cb="0"/><line nr="282" mi="0" ci="7" mb="0" cb="0"/><line nr="283" mi="0" ci="6" mb="0" cb="0"/><line nr="284" mi="0" ci="7" mb="0" cb="0"/><line nr="285" mi="0" ci="6" mb="0" cb="0"/><line nr="286" mi="0" ci="7" mb="0" cb="0"/><line nr="287" mi="0" ci="6" mb="0" cb="0"/><line nr="288" mi="0" ci="7" mb="0" cb="0"/><line nr="289" mi="0" ci="6" mb="0" cb="0"/><line nr="290" mi="0" ci="7" mb="0" cb="0"/><line nr="291" mi="0" ci="6" mb="0" cb="0"/><line nr="292" mi="0" ci="7" mb="0" cb="0"/><line nr="293" mi="0" ci="6" mb="0" cb="0"/><line nr="294" mi="0" ci="7" mb="0" cb="0"/><line nr="295" mi="0" ci="6" mb="0" cb="0"/><line nr="296" mi="0" ci="7" mb="0" cb="0"/><line nr="297" mi="0" ci="6" mb="0" cb="0"/><line nr="298" mi="0" ci="7" mb="0" cb="0"/><line nr="299" mi="0" ci="6" mb="0" cb="0"/><line nr="300" mi="0" ci="7" mb="0" cb="0"/><line nr="301" mi="0" ci="10" mb="0" cb="0"/><line nr="302" mi="0" ci="11" mb="0" cb="0"/><line nr="303" mi="0" ci="10" mb="0" cb="0"/><line nr="304" mi="0" ci="11" mb="0" cb="0"/><line nr="305" mi="0" ci="10" mb="0" cb="0"/><line nr="306" mi="0" ci="11" mb="0" cb="0"/><line nr="307" mi="0" ci="10" mb="0" cb="0"/><line nr="308" mi="0" ci="11" mb="0" cb="0"/><line nr="309" mi="0" ci="10" mb="0" cb="0"/><line nr="310" mi="0" ci="11" mb="0" cb="0"/><line nr="311" mi="0" ci="10" mb="0" cb="0"/><line nr="312" mi="0" ci="11" mb="0" cb="0"/><line nr="313" mi="0" ci="10" mb="0" cb="0"/><line nr="314" mi="0" ci="11" mb="0" cb="0"/><line nr="317" mi="0" ci="6" mb="0" cb="0"/><line nr="318" mi="0" ci="7" mb="0" cb="0"/><counter type="INSTRUCTION" missed="0" covered="1916"/><counter type="BRANCH" missed="14" covered="16"/><counter type="LINE" missed="0" covered="292"/><counter type="COMPLEXITY" missed="14" covered="276"/><counter type="METHOD" missed="0" covered="275"/><counter type="CLASS" missed="0" covered="1"/></sourcefile><counter type="INSTRUCTION" missed="0" covered="1916"/><counter type="BRANCH" missed="14" covered="16"/><counter type="LINE" missed="0" covered="292"/><counter type="COMPLEXITY" missed="14" covered="276"/><counter type="METHOD" missed="0" covered="275"/><counter type="CLASS" missed="0" covered="1"/></package><counter type="INSTRUCTION" missed="113" covered="4742"/><counter type="BRANCH" missed="45" covered="125"/><counter type="LINE" missed="23" covered="808"/><counter type="COMPLEXITY" missed="44" covered="375"/><counter type="METHOD" missed="3" covered="330"/><counter type="CLASS" missed="0" covered="3"/></report>